decks =  0.75
dealer:  [1] 	hands:  [1, 1] 	ratio:  0.00010942116205274101
opt strategy:  Buy_Insurance -> Split 	profit:  0.2711168971597983
total_profit:  2.9665925939358612e-05
dealer:  [1] 	hands:  [1, 2] 	ratio:  0.000656526972316446
opt strategy:  No_Insurance -> Hit 	profit:  -0.25091557337209686
total_profit:  -0.0001350669157536692
dealer:  [1] 	hands:  [1, 3] 	ratio:  0.000656526972316446
opt strategy:  No_Insurance -> Hit 	profit:  -0.3162584817834758
total_profit:  -0.0003426991392683705
dealer:  [1] 	hands:  [1, 4] 	ratio:  0.000656526972316446
opt strategy:  No_Insurance -> Hit 	profit:  -0.3897525684478031
total_profit:  -0.0005985822129839651
dealer:  [1] 	hands:  [1, 5] 	ratio:  0.000656526972316446
opt strategy:  No_Insurance -> Hit 	profit:  -0.4570303894636423
total_profit:  -0.0008986349908351363
dealer:  [1] 	hands:  [1, 6] 	ratio:  0.000656526972316446
opt strategy:  No_Insurance -> Hit 	profit:  -0.47003946349357806
total_profit:  -0.0012072285766718217
dealer:  [1] 	hands:  [1, 7] 	ratio:  0.000656526972316446
opt strategy:  No_Insurance -> Hit 	profit:  -0.41755158791659985
total_profit:  -0.0014813624564726314
dealer:  [1] 	hands:  [1, 8] 	ratio:  0.000656526972316446
opt strategy:  No_Insurance -> Stand 	profit:  -0.17524912995501224
total_profit:  -0.001596418237163087
dealer:  [1] 	hands:  [1, 9] 	ratio:  0.000656526972316446
opt strategy:  No_Insurance -> Stand 	profit:  0.07409801799507632
total_profit:  -0.00154777088975413
dealer:  [1] 	hands:  [1, 10] 	ratio:  0.002626107889265784
opt strategy:  No_Insurance -> Stand 	profit:  0.9895833333333355
total_profit:  0.0010509817089984746
dealer:  [1] 	hands:  [2, 2] 	ratio:  0.000328263486158223
opt strategy:  No_Insurance -> Hit 	profit:  -0.36186642628550686
total_profit:  0.0009321941743823765
dealer:  [1] 	hands:  [2, 3] 	ratio:  0.000984790458474669
opt strategy:  No_Insurance -> Hit 	profit:  -0.42505742874495833
total_profit:  0.000513601674250565
dealer:  [1] 	hands:  [2, 4] 	ratio:  0.000984790458474669
opt strategy:  No_Insurance -> Hit 	profit:  -0.49285760323598315
total_profit:  2.8240209197074662e-05
dealer:  [1] 	hands:  [2, 5] 	ratio:  0.000984790458474669
opt strategy:  No_Insurance -> Hit 	profit:  -0.5134696851721507
total_profit:  -0.0004774198374764516
dealer:  [1] 	hands:  [2, 6] 	ratio:  0.000984790458474669
opt strategy:  No_Insurance -> Hit 	profit:  -0.4756135298612765
total_profit:  -0.0009457995036052937
dealer:  [1] 	hands:  [2, 7] 	ratio:  0.000984790458474669
opt strategy:  No_Insurance -> Hit 	profit:  -0.3963864428678159
total_profit:  -0.0013361570904102333
dealer:  [1] 	hands:  [2, 8] 	ratio:  0.000984790458474669
opt strategy:  No_Insurance -> Hit 	profit:  -0.29570649321556586
total_profit:  -0.0016273660234379268
dealer:  [1] 	hands:  [2, 9] 	ratio:  0.000984790458474669
opt strategy:  No_Insurance -> Hit 	profit:  -0.24283337258361729
total_profit:  -0.0018665060117574973
dealer:  [1] 	hands:  [2, 10] 	ratio:  0.003939161833898676
opt strategy:  No_Insurance -> Hit 	profit:  -0.5638141743888009
total_profit:  -0.004087461288920954
dealer:  [1] 	hands:  [3, 3] 	ratio:  0.000328263486158223
opt strategy:  No_Insurance -> Hit 	profit:  -0.49150460579209687
total_profit:  -0.004248804304281091
dealer:  [1] 	hands:  [3, 4] 	ratio:  0.000984790458474669
opt strategy:  No_Insurance -> Hit 	profit:  -0.5274769812433773
total_profit:  -0.004768258602474591
dealer:  [1] 	hands:  [3, 5] 	ratio:  0.000984790458474669
opt strategy:  No_Insurance -> Hit 	profit:  -0.46989953697143566
total_profit:  -0.005231011182925726
dealer:  [1] 	hands:  [3, 6] 	ratio:  0.000984790458474669
opt strategy:  No_Insurance -> Hit 	profit:  -0.39130736491199614
total_profit:  -0.005616366942221925
dealer:  [1] 	hands:  [3, 7] 	ratio:  0.000984790458474669
opt strategy:  No_Insurance -> Hit 	profit:  -0.29541595709540736
total_profit:  -0.005907289758050644
dealer:  [1] 	hands:  [3, 8] 	ratio:  0.000984790458474669
opt strategy:  No_Insurance -> Hit 	profit:  -0.2424147909672993
total_profit:  -0.006146017531188372
dealer:  [1] 	hands:  [3, 9] 	ratio:  0.000984790458474669
opt strategy:  No_Insurance -> Hit 	profit:  -0.6037188229672368
total_profit:  -0.006740554067648064
dealer:  [1] 	hands:  [3, 10] 	ratio:  0.003939161833898676
opt strategy:  No_Insurance -> Hit 	profit:  -0.5957716447364219
total_profit:  -0.009087394992312817
dealer:  [1] 	hands:  [4, 4] 	ratio:  0.000328263486158223
opt strategy:  No_Insurance -> Hit 	profit:  -0.4650667496088734
total_profit:  -0.0092400594248357
dealer:  [1] 	hands:  [4, 5] 	ratio:  0.000984790458474669
opt strategy:  No_Insurance -> Hit 	profit:  -0.3865059241830694
total_profit:  -0.00962068677111512
dealer:  [1] 	hands:  [4, 6] 	ratio:  0.000984790458474669
opt strategy:  No_Insurance -> Hit 	profit:  -0.30028133199098733
total_profit:  -0.009916400961717909
dealer:  [1] 	hands:  [4, 7] 	ratio:  0.000984790458474669
opt strategy:  No_Insurance -> Hit 	profit:  -0.24342773891896266
total_profit:  -0.010156126276333366
dealer:  [1] 	hands:  [4, 8] 	ratio:  0.000984790458474669
opt strategy:  No_Insurance -> Hit 	profit:  -0.6047041666994672
total_profit:  -0.010751633169898876
dealer:  [1] 	hands:  [4, 9] 	ratio:  0.000984790458474669
opt strategy:  No_Insurance -> Hit 	profit:  -0.6060412686340624
total_profit:  -0.011348456828691584
dealer:  [1] 	hands:  [4, 10] 	ratio:  0.003939161833898676
opt strategy:  No_Insurance -> Hit 	profit:  -0.6363734706151318
total_profit:  -0.013855234916244352
dealer:  [1] 	hands:  [5, 5] 	ratio:  0.000328263486158223
opt strategy:  No_Insurance -> Hit 	profit:  -0.292913473424866
total_profit:  -0.013951387714173513
dealer:  [1] 	hands:  [5, 6] 	ratio:  0.000984790458474669
opt strategy:  No_Insurance -> Hit 	profit:  -0.24175727143506853
total_profit:  -0.014189467968349639
dealer:  [1] 	hands:  [5, 7] 	ratio:  0.000984790458474669
opt strategy:  No_Insurance -> Hit 	profit:  -0.6068965881695215
total_profit:  -0.014787133937659815
dealer:  [1] 	hands:  [5, 8] 	ratio:  0.000984790458474669
opt strategy:  No_Insurance -> Hit 	profit:  -0.6488988818920776
total_profit:  -0.015426163365062015
dealer:  [1] 	hands:  [5, 9] 	ratio:  0.000984790458474669
opt strategy:  No_Insurance -> Hit 	profit:  -0.6487733672602105
total_profit:  -0.016065069186852354
dealer:  [1] 	hands:  [5, 10] 	ratio:  0.003939161833898676
opt strategy:  No_Insurance -> Hit 	profit:  -0.675926068530418
total_profit:  -0.018727651358544557
dealer:  [1] 	hands:  [6, 6] 	ratio:  0.000328263486158223
opt strategy:  No_Insurance -> Hit 	profit:  -0.6057649814828792
total_profit:  -0.018926501883158697
dealer:  [1] 	hands:  [6, 7] 	ratio:  0.000984790458474669
opt strategy:  No_Insurance -> Hit 	profit:  -0.6571364320400284
total_profit:  -0.019573643571347804
dealer:  [1] 	hands:  [6, 8] 	ratio:  0.000984790458474669
opt strategy:  No_Insurance -> Hit 	profit:  -0.6587837240264303
total_profit:  -0.02022240749696744
dealer:  [1] 	hands:  [6, 9] 	ratio:  0.000984790458474669
opt strategy:  No_Insurance -> Hit 	profit:  -0.6865127712023837
total_profit:  -0.02089847872366855
dealer:  [1] 	hands:  [6, 10] 	ratio:  0.003939161833898676
opt strategy:  No_Insurance -> Hit 	profit:  -0.6759352453102452
total_profit:  -0.023561097044181606
dealer:  [1] 	hands:  [7, 7] 	ratio:  0.000328263486158223
opt strategy:  No_Insurance -> Hit 	profit:  -0.6845565821667131
total_profit:  -0.023785811974316208
dealer:  [1] 	hands:  [7, 8] 	ratio:  0.000984790458474669
opt strategy:  No_Insurance -> Hit 	profit:  -0.6524001116107081
total_profit:  -0.024428289379338244
dealer:  [1] 	hands:  [7, 9] 	ratio:  0.000984790458474669
opt strategy:  No_Insurance -> Hit 	profit:  -0.6776504275952804
total_profit:  -0.025095633054615357
dealer:  [1] 	hands:  [7, 10] 	ratio:  0.003939161833898676
opt strategy:  No_Insurance -> Stand 	profit:  -0.6439557338086757
total_profit:  -0.027632278903954706
dealer:  [1] 	hands:  [8, 8] 	ratio:  0.000328263486158223
opt strategy:  Buy_Insurance -> Split 	profit:  -0.6703289380591222
total_profit:  -0.027852323418034734
dealer:  [1] 	hands:  [8, 9] 	ratio:  0.000984790458474669
opt strategy:  No_Insurance -> Stand 	profit:  -0.6449302902979379
total_profit:  -0.02848744461430144
dealer:  [1] 	hands:  [8, 10] 	ratio:  0.003939161833898676
opt strategy:  No_Insurance -> Stand 	profit:  -0.3907092988710634
total_profit:  -0.030026511772563644
dealer:  [1] 	hands:  [9, 9] 	ratio:  0.000328263486158223
opt strategy:  No_Insurance -> Stand 	profit:  -0.39176757066462925
total_profit:  -0.030155114761073753
dealer:  [1] 	hands:  [9, 10] 	ratio:  0.003939161833898676
opt strategy:  No_Insurance -> Stand 	profit:  -0.13454046770223235
total_profit:  -0.030685091436561264
dealer:  [1] 	hands:  [10, 10] 	ratio:  0.007221796695480906
opt strategy:  No_Insurance -> Stand 	profit:  0.12260058568881999
total_profit:  -0.02979969493196972
dealer:  [2] 	hands:  [1, 1] 	ratio:  0.000328263486158223
opt strategy:  Split 	profit:  1.153115463000392
total_profit:  -0.02942116923014226
dealer:  [2] 	hands:  [1, 2] 	ratio:  0.000656526972316446
opt strategy:  Hit 	profit:  0.17471996638800938
total_profit:  -0.02930646085960631
dealer:  [2] 	hands:  [1, 3] 	ratio:  0.000984790458474669
opt strategy:  Hit 	profit:  0.0867363912573827
total_profit:  -0.029221043689093514
dealer:  [2] 	hands:  [1, 4] 	ratio:  0.000984790458474669
opt strategy:  Hit 	profit:  0.014912800907671789
total_profit:  -0.029206357705050506
dealer:  [2] 	hands:  [1, 5] 	ratio:  0.000984790458474669
opt strategy:  Hit 	profit:  -0.04001938321557022
total_profit:  -0.029245768411795242
dealer:  [2] 	hands:  [1, 6] 	ratio:  0.000984790458474669
opt strategy:  Hit 	profit:  -0.01848291536291083
total_profit:  -0.02926397021048943
dealer:  [2] 	hands:  [1, 7] 	ratio:  0.000984790458474669
opt strategy:  Stand 	profit:  0.08511268143621134
total_profit:  -0.029180152053915855
dealer:  [2] 	hands:  [1, 8] 	ratio:  0.000984790458474669
opt strategy:  Stand 	profit:  0.32868029029793616
total_profit:  -0.028856470840141764
dealer:  [2] 	hands:  [1, 9] 	ratio:  0.000984790458474669
opt strategy:  Stand 	profit:  0.5584538663950392
total_profit:  -0.02830651080101764
dealer:  [2] 	hands:  [1, 10] 	ratio:  0.003939161833898676
opt strategy:  Stand 	profit:  1.4250000000000094
total_profit:  -0.022693205187711993
dealer:  [2] 	hands:  [2, 2] 	ratio:  0.00010942116205274101
opt strategy:  Hit 	profit:  0.03427107270694152
total_profit:  -0.022689455207111606
dealer:  [2] 	hands:  [2, 3] 	ratio:  0.000656526972316446
opt strategy:  Hit 	profit:  -0.038156414673641045
total_profit:  -0.022714505922511743
dealer:  [2] 	hands:  [2, 4] 	ratio:  0.000656526972316446
opt strategy:  Hit 	profit:  -0.09882608725461098
total_profit:  -0.022779387914362893
dealer:  [2] 	hands:  [2, 5] 	ratio:  0.000656526972316446
opt strategy:  Hit 	profit:  -0.0786653142378657
total_profit:  -0.0228310338149458
dealer:  [2] 	hands:  [2, 6] 	ratio:  0.000656526972316446
opt strategy:  Hit 	profit:  -0.03238148229722017
total_profit:  -0.022852293131477512
dealer:  [2] 	hands:  [2, 7] 	ratio:  0.000656526972316446
opt strategy:  Hit 	profit:  0.043445978574714654
total_profit:  -0.02282376967470453
dealer:  [2] 	hands:  [2, 8] 	ratio:  0.000656526972316446
opt strategy:  Double 	profit:  0.31783592224768753
total_profit:  -0.02261510181897785
dealer:  [2] 	hands:  [2, 9] 	ratio:  0.000656526972316446
opt strategy:  Double 	profit:  0.400475766064001
total_profit:  -0.022352178676797743
dealer:  [2] 	hands:  [2, 10] 	ratio:  0.002626107889265784
opt strategy:  Hit 	profit:  -0.27639286442674565
total_profit:  -0.023078016158605587
dealer:  [2] 	hands:  [3, 3] 	ratio:  0.000328263486158223
opt strategy:  Hit 	profit:  -0.10172353730103961
total_profit:  -0.023111408281584374
dealer:  [2] 	hands:  [3, 4] 	ratio:  0.000984790458474669
opt strategy:  Hit 	profit:  -0.1114447921672341
total_profit:  -0.023221158049557357
dealer:  [2] 	hands:  [3, 5] 	ratio:  0.000984790458474669
opt strategy:  Hit 	profit:  -0.03922798612052387
total_profit:  -0.023259789395994025
dealer:  [2] 	hands:  [3, 6] 	ratio:  0.000984790458474669
opt strategy:  Hit 	profit:  0.05324264647411574
total_profit:  -0.023207356545762375
dealer:  [2] 	hands:  [3, 7] 	ratio:  0.000984790458474669
opt strategy:  Double 	profit:  0.311354299295477
total_profit:  -0.022900737802611124
dealer:  [2] 	hands:  [3, 8] 	ratio:  0.000984790458474669
opt strategy:  Double 	profit:  0.4028414396061473
total_profit:  -0.022504023396608792
dealer:  [2] 	hands:  [3, 9] 	ratio:  0.000984790458474669
opt strategy:  Hit 	profit:  -0.307493485508206
total_profit:  -0.022806840047180393
dealer:  [2] 	hands:  [3, 10] 	ratio:  0.003939161833898676
opt strategy:  Hit 	profit:  -0.3427611859137588
total_profit:  -0.024157031828873722
dealer:  [2] 	hands:  [4, 4] 	ratio:  0.000328263486158223
opt strategy:  Hit 	profit:  -0.035416886402655
total_profit:  -0.024168657899473128
dealer:  [2] 	hands:  [4, 5] 	ratio:  0.000984790458474669
opt strategy:  Hit 	profit:  0.05326015934538539
total_profit:  -0.02411620780273295
dealer:  [2] 	hands:  [4, 6] 	ratio:  0.000984790458474669
opt strategy:  Double 	profit:  0.31198412698412903
total_profit:  -0.02380896881128343
dealer:  [2] 	hands:  [4, 7] 	ratio:  0.000984790458474669
opt strategy:  Double 	profit:  0.4042763772175565
total_profit:  -0.023410841292412873
dealer:  [2] 	hands:  [4, 8] 	ratio:  0.000984790458474669
opt strategy:  Hit 	profit:  -0.3047019565401917
total_profit:  -0.023710908871892217
dealer:  [2] 	hands:  [4, 9] 	ratio:  0.000984790458474669
opt strategy:  Stand 	profit:  -0.3152985739750466
total_profit:  -0.024021411899113512
dealer:  [2] 	hands:  [4, 10] 	ratio:  0.003939161833898676
opt strategy:  Stand 	profit:  -0.3477406417112322
total_profit:  -0.025391218563037832
dealer:  [2] 	hands:  [5, 5] 	ratio:  0.000328263486158223
opt strategy:  Double 	profit:  0.3380975259421965
total_profit:  -0.025280233490510576
dealer:  [2] 	hands:  [5, 6] 	ratio:  0.000984790458474669
opt strategy:  Double 	profit:  0.43467277820219213
total_profit:  -0.02485217188597838
dealer:  [2] 	hands:  [5, 7] 	ratio:  0.000984790458474669
opt strategy:  Stand 	profit:  -0.28360962566845077
total_profit:  -0.025131467939268244
dealer:  [2] 	hands:  [5, 8] 	ratio:  0.000984790458474669
opt strategy:  Stand 	profit:  -0.2874414311179036
total_profit:  -0.02541453751800346
dealer:  [2] 	hands:  [5, 9] 	ratio:  0.000984790458474669
opt strategy:  Stand 	profit:  -0.2935491469315014
total_profit:  -0.025703621916994983
dealer:  [2] 	hands:  [5, 10] 	ratio:  0.003939161833898676
opt strategy:  Stand 	profit:  -0.328002291825823
total_profit:  -0.02699567602638656
dealer:  [2] 	hands:  [6, 6] 	ratio:  0.000328263486158223
opt strategy:  Split 	profit:  -0.2055892086525825
total_profit:  -0.027063163456735366
dealer:  [2] 	hands:  [6, 7] 	ratio:  0.000984790458474669
opt strategy:  Stand 	profit:  -0.28773936847466497
total_profit:  -0.027346526441336744
dealer:  [2] 	hands:  [6, 8] 	ratio:  0.000984790458474669
opt strategy:  Stand 	profit:  -0.2914801375095518
total_profit:  -0.027633573299591034
dealer:  [2] 	hands:  [6, 9] 	ratio:  0.000984790458474669
opt strategy:  Stand 	profit:  -0.29951617010440745
total_profit:  -0.02792853396606873
dealer:  [2] 	hands:  [6, 10] 	ratio:  0.003939161833898676
opt strategy:  Stand 	profit:  -0.33190858161446635
total_profit:  -0.02923597558310788
dealer:  [2] 	hands:  [7, 7] 	ratio:  0.000328263486158223
opt strategy:  Split 	profit:  -0.16450726207937483
total_profit:  -0.0292899773104564
dealer:  [2] 	hands:  [7, 8] 	ratio:  0.000984790458474669
opt strategy:  Stand 	profit:  -0.29791889483066253
total_profit:  -0.029583364995484952
dealer:  [2] 	hands:  [7, 9] 	ratio:  0.000984790458474669
opt strategy:  Stand 	profit:  -0.30414247517188947
total_profit:  -0.0298828816030511
dealer:  [2] 	hands:  [7, 10] 	ratio:  0.003939161833898676
opt strategy:  Stand 	profit:  -0.2017188693659288
total_profit:  -0.030677484874434557
dealer:  [2] 	hands:  [8, 8] 	ratio:  0.000328263486158223
opt strategy:  Split 	profit:  -0.01792545850206932
total_profit:  -0.03068336914793343
dealer:  [2] 	hands:  [8, 9] 	ratio:  0.000984790458474669
opt strategy:  Stand 	profit:  -0.1730996944232242
total_profit:  -0.030853836075366303
dealer:  [2] 	hands:  [8, 10] 	ratio:  0.003939161833898676
opt strategy:  Stand 	profit:  0.05053242509124874
total_profit:  -0.03065478067507251
dealer:  [2] 	hands:  [9, 9] 	ratio:  0.000328263486158223
opt strategy:  Stand 	profit:  0.0743315508021391
total_profit:  -0.030630380341074653
dealer:  [2] 	hands:  [9, 10] 	ratio:  0.003939161833898676
opt strategy:  Stand 	profit:  0.2894034886681923
total_profit:  -0.029490373163915784
dealer:  [2] 	hands:  [10, 10] 	ratio:  0.007221796695480906
opt strategy:  Stand 	profit:  0.4989572192513334
total_profit:  -0.025887005566740163
dealer:  [3] 	hands:  [1, 1] 	ratio:  0.000328263486158223
opt strategy:  Split 	profit:  1.1982502024422943
total_profit:  -0.02549366377799666
dealer:  [3] 	hands:  [1, 2] 	ratio:  0.000984790458474669
opt strategy:  Hit 	profit:  0.2049708506692024
total_profit:  -0.025291810439992193
dealer:  [3] 	hands:  [1, 3] 	ratio:  0.000656526972316446
opt strategy:  Hit 	profit:  0.11708920028635868
total_profit:  -0.025214938221837235
dealer:  [3] 	hands:  [1, 4] 	ratio:  0.000984790458474669
opt strategy:  Hit 	profit:  0.0562495318345653
total_profit:  -0.025159544219592888
dealer:  [3] 	hands:  [1, 5] 	ratio:  0.000984790458474669
opt strategy:  Hit 	profit:  -0.0036361973333849384
total_profit:  -0.025163125112031937
dealer:  [3] 	hands:  [1, 6] 	ratio:  0.000984790458474669
opt strategy:  Hit 	profit:  0.013680523421592553
total_profit:  -0.025149652663099414
dealer:  [3] 	hands:  [1, 7] 	ratio:  0.000984790458474669
opt strategy:  Stand 	profit:  0.125066632713692
total_profit:  -0.025026488236529414
dealer:  [3] 	hands:  [1, 8] 	ratio:  0.000984790458474669
opt strategy:  Stand 	profit:  0.35926067396655503
total_profit:  -0.02467269175270197
dealer:  [3] 	hands:  [1, 9] 	ratio:  0.000984790458474669
opt strategy:  Stand 	profit:  0.5556296154825539
total_profit:  -0.024125513008928803
dealer:  [3] 	hands:  [1, 10] 	ratio:  0.003939161833898676
opt strategy:  Stand 	profit:  1.4250000000000078
total_profit:  -0.01851220739562316
dealer:  [3] 	hands:  [2, 2] 	ratio:  0.000328263486158223
opt strategy:  Hit 	profit:  0.06436521231476428
total_profit:  -0.0184910786466414
dealer:  [3] 	hands:  [2, 3] 	ratio:  0.000656526972316446
opt strategy:  Hit 	profit:  -0.006553997872976627
total_profit:  -0.018495381523021517
dealer:  [3] 	hands:  [2, 4] 	ratio:  0.000984790458474669
opt strategy:  Hit 	profit:  -0.05253898012039619
total_profit:  -0.018547121409342074
dealer:  [3] 	hands:  [2, 5] 	ratio:  0.000984790458474669
opt strategy:  Hit 	profit:  -0.039561860386872406
total_profit:  -0.018586081551970574
dealer:  [3] 	hands:  [2, 6] 	ratio:  0.000984790458474669
opt strategy:  Hit 	profit:  0.00939667278812804
total_profit:  -0.018576827798267418
dealer:  [3] 	hands:  [2, 7] 	ratio:  0.000984790458474669
opt strategy:  Double 	profit:  0.12980095068330455
total_profit:  -0.01844900106053356
dealer:  [3] 	hands:  [2, 8] 	ratio:  0.000984790458474669
opt strategy:  Double 	profit:  0.3963784907902573
total_profit:  -0.018058651304858727
dealer:  [3] 	hands:  [2, 9] 	ratio:  0.000984790458474669
opt strategy:  Double 	profit:  0.42095280536457225
total_profit:  -0.01764410099866755
dealer:  [3] 	hands:  [2, 10] 	ratio:  0.003939161833898676
opt strategy:  Hit 	profit:  -0.24684848837812204
total_profit:  -0.01861647714284223
dealer:  [3] 	hands:  [3, 3] 	ratio:  0.00010942116205274101
opt strategy:  Split 	profit:  -0.0642160020728346
total_profit:  -0.018623503732411423
dealer:  [3] 	hands:  [3, 4] 	ratio:  0.000656526972316446
opt strategy:  Hit 	profit:  -0.06639800019928578
total_profit:  -0.018667095810450125
dealer:  [3] 	hands:  [3, 5] 	ratio:  0.000656526972316446
opt strategy:  Hit 	profit:  0.0012765653151532788
total_profit:  -0.018666257710888805
dealer:  [3] 	hands:  [3, 6] 	ratio:  0.000656526972316446
opt strategy:  Double 	profit:  0.11638910109498372
total_profit:  -0.018589845126736282
dealer:  [3] 	hands:  [3, 7] 	ratio:  0.000656526972316446
opt strategy:  Double 	profit:  0.4007541804600645
total_profit:  -0.018326739197995677
dealer:  [3] 	hands:  [3, 8] 	ratio:  0.000656526972316446
opt strategy:  Double 	profit:  0.48283549783549884
total_profit:  -0.018009744670474833
dealer:  [3] 	hands:  [3, 9] 	ratio:  0.000656526972316446
opt strategy:  Stand 	profit:  -0.29350776674306234
total_profit:  -0.018202440435926018
dealer:  [3] 	hands:  [3, 10] 	ratio:  0.002626107889265784
opt strategy:  Stand 	profit:  -0.2980926916221047
total_profit:  -0.0189852640051273
dealer:  [3] 	hands:  [4, 4] 	ratio:  0.000328263486158223
opt strategy:  Hit 	profit:  0.017175956041935288
total_profit:  -0.018979625765918873
dealer:  [3] 	hands:  [4, 5] 	ratio:  0.000984790458474669
opt strategy:  Double 	profit:  0.12009379509379514
total_profit:  -0.018861358542388493
dealer:  [3] 	hands:  [4, 6] 	ratio:  0.000984790458474669
opt strategy:  Double 	profit:  0.40870936253289397
total_profit:  -0.018458865461876837
dealer:  [3] 	hands:  [4, 7] 	ratio:  0.000984790458474669
opt strategy:  Double 	profit:  0.506327985739753
total_profit:  -0.01796023849266163
dealer:  [3] 	hands:  [4, 8] 	ratio:  0.000984790458474669
opt strategy:  Stand 	profit:  -0.23787624140565433
total_profit:  -0.018194496745495736
dealer:  [3] 	hands:  [4, 9] 	ratio:  0.000984790458474669
opt strategy:  Stand 	profit:  -0.27284250063661986
total_profit:  -0.018463189436789047
dealer:  [3] 	hands:  [4, 10] 	ratio:  0.003939161833898676
opt strategy:  Stand 	profit:  -0.279372294372296
total_profit:  -0.0195636821162291
dealer:  [3] 	hands:  [5, 5] 	ratio:  0.000328263486158223
opt strategy:  Double 	profit:  0.42819713680927085
total_profit:  -0.01942312063133712
dealer:  [3] 	hands:  [5, 6] 	ratio:  0.000984790458474669
opt strategy:  Double 	profit:  0.5282819794584526
total_profit:  -0.018902873578582325
dealer:  [3] 	hands:  [5, 7] 	ratio:  0.000984790458474669
opt strategy:  Stand 	profit:  -0.22763050674815538
total_profit:  -0.019127041929685663
dealer:  [3] 	hands:  [5, 8] 	ratio:  0.000984790458474669
opt strategy:  Stand 	profit:  -0.23353132161955814
total_profit:  -0.019357021346971582
dealer:  [3] 	hands:  [5, 9] 	ratio:  0.000984790458474669
opt strategy:  Stand 	profit:  -0.27050865800865936
total_profit:  -0.0196234156923133
dealer:  [3] 	hands:  [5, 10] 	ratio:  0.003939161833898676
opt strategy:  Stand 	profit:  -0.27506047873695105
total_profit:  -0.020706923432167793
dealer:  [3] 	hands:  [6, 6] 	ratio:  0.000328263486158223
opt strategy:  Split 	profit:  -0.07729544941538569
total_profit:  -0.020732296705857054
dealer:  [3] 	hands:  [6, 7] 	ratio:  0.000984790458474669
opt strategy:  Stand 	profit:  -0.2306181563534518
total_profit:  -0.020959407265784952
dealer:  [3] 	hands:  [6, 8] 	ratio:  0.000984790458474669
opt strategy:  Stand 	profit:  -0.2384638400814882
total_profit:  -0.02119424418018843
dealer:  [3] 	hands:  [6, 9] 	ratio:  0.000984790458474669
opt strategy:  Stand 	profit:  -0.2734218232747656
total_profit:  -0.02146350738288817
dealer:  [3] 	hands:  [6, 10] 	ratio:  0.003939161833898676
opt strategy:  Stand 	profit:  -0.27813088871912567
total_profit:  -0.022559109964558868
dealer:  [3] 	hands:  [7, 7] 	ratio:  0.000328263486158223
opt strategy:  Split 	profit:  -0.047172853501124906
total_profit:  -0.02257459508990118
dealer:  [3] 	hands:  [7, 8] 	ratio:  0.000984790458474669
opt strategy:  Stand 	profit:  -0.2439177489177507
total_profit:  -0.022814802961688002
dealer:  [3] 	hands:  [7, 9] 	ratio:  0.000984790458474669
opt strategy:  Stand 	profit:  -0.27903297682709605
total_profit:  -0.02308959197486711
dealer:  [3] 	hands:  [7, 10] 	ratio:  0.003939161833898676
opt strategy:  Stand 	profit:  -0.15643345216874716
total_profit:  -0.023705808659195252
dealer:  [3] 	hands:  [8, 8] 	ratio:  0.000328263486158223
opt strategy:  Split 	profit:  0.0728774483278175
total_profit:  -0.023681885653944846
dealer:  [3] 	hands:  [8, 9] 	ratio:  0.000984790458474669
opt strategy:  Stand 	profit:  -0.15990578049401621
total_profit:  -0.0238393593408303
dealer:  [3] 	hands:  [8, 10] 	ratio:  0.003939161833898676
opt strategy:  Stand 	profit:  0.08446969696969701
total_profit:  -0.023506619534406283
dealer:  [3] 	hands:  [9, 9] 	ratio:  0.000328263486158223
opt strategy:  Split 	profit:  0.07772912817944465
total_profit:  -0.02348110389981406
dealer:  [3] 	hands:  [9, 10] 	ratio:  0.003939161833898676
opt strategy:  Stand 	profit:  0.2965832696715027
total_profit:  -0.022312814403351196
dealer:  [3] 	hands:  [10, 10] 	ratio:  0.007221796695480906
opt strategy:  Stand 	profit:  0.5289909600203686
total_profit:  -0.018492549236336826
dealer:  [4] 	hands:  [1, 1] 	ratio:  0.000328263486158223
opt strategy:  Split 	profit:  1.2666505574419518
total_profit:  -0.018076754108606673
dealer:  [4] 	hands:  [1, 2] 	ratio:  0.000984790458474669
opt strategy:  Hit 	profit:  0.23481028919184155
total_profit:  -0.017845515176258868
dealer:  [4] 	hands:  [1, 3] 	ratio:  0.000984790458474669
opt strategy:  Hit 	profit:  0.16538469727659755
total_profit:  -0.017682645904403153
dealer:  [4] 	hands:  [1, 4] 	ratio:  0.000656526972316446
opt strategy:  Hit 	profit:  0.10162207663643442
total_profit:  -0.017615928270108525
dealer:  [4] 	hands:  [1, 5] 	ratio:  0.000984790458474669
opt strategy:  Hit 	profit:  0.04035397565978996
total_profit:  -0.017576188059917244
dealer:  [4] 	hands:  [1, 6] 	ratio:  0.000984790458474669
opt strategy:  Double 	profit:  0.09592309651133255
total_profit:  -0.01748172390972554
dealer:  [4] 	hands:  [1, 7] 	ratio:  0.000984790458474669
opt strategy:  Double 	profit:  0.2578654896301963
total_profit:  -0.017227780435967822
dealer:  [4] 	hands:  [1, 8] 	ratio:  0.000984790458474669
opt strategy:  Stand 	profit:  0.3557418725065772
total_profit:  -0.016877449234243433
dealer:  [4] 	hands:  [1, 9] 	ratio:  0.000984790458474669
opt strategy:  Stand 	profit:  0.5808562515915432
total_profit:  -0.01630542753993072
dealer:  [4] 	hands:  [1, 10] 	ratio:  0.003939161833898676
opt strategy:  Stand 	profit:  1.425000000000004
total_profit:  -0.01069212192662509
dealer:  [4] 	hands:  [2, 2] 	ratio:  0.000328263486158223
opt strategy:  Split 	profit:  0.11633715628683577
total_profit:  -0.010653932686132638
dealer:  [4] 	hands:  [2, 3] 	ratio:  0.000984790458474669
opt strategy:  Hit 	profit:  0.04733676672954121
total_profit:  -0.010607315889922345
dealer:  [4] 	hands:  [2, 4] 	ratio:  0.000656526972316446
opt strategy:  Hit 	profit:  -0.0008518750226753913
total_profit:  -0.010607875168851774
dealer:  [4] 	hands:  [2, 5] 	ratio:  0.000984790458474669
opt strategy:  Hit 	profit:  0.015728149596226336
total_profit:  -0.010592386237199948
dealer:  [4] 	hands:  [2, 6] 	ratio:  0.000984790458474669
opt strategy:  Hit 	profit:  0.07607189392741445
total_profit:  -0.010517471361902132
dealer:  [4] 	hands:  [2, 7] 	ratio:  0.000984790458474669
opt strategy:  Double 	profit:  0.22304685510567915
total_profit:  -0.010297816947201277
dealer:  [4] 	hands:  [2, 8] 	ratio:  0.000984790458474669
opt strategy:  Double 	profit:  0.42274806892454136
total_profit:  -0.009881498682585798
dealer:  [4] 	hands:  [2, 9] 	ratio:  0.000984790458474669
opt strategy:  Double 	profit:  0.5070482132246855
total_profit:  -0.009382162440215497
dealer:  [4] 	hands:  [2, 10] 	ratio:  0.003939161833898676
opt strategy:  Hit 	profit:  -0.21766264270859814
total_profit:  -0.010239570815038731
dealer:  [4] 	hands:  [3, 3] 	ratio:  0.000328263486158223
opt strategy:  Split 	profit:  0.12325100345080273
total_profit:  -0.010199112010973472
dealer:  [4] 	hands:  [3, 4] 	ratio:  0.000656526972316446
opt strategy:  Hit 	profit:  0.007205657921464964
total_profit:  -0.010194381302194744
dealer:  [4] 	hands:  [3, 5] 	ratio:  0.000984790458474669
opt strategy:  Hit 	profit:  0.08332665125862146
total_profit:  -0.010112322011098606
dealer:  [4] 	hands:  [3, 6] 	ratio:  0.000984790458474669
opt strategy:  Double 	profit:  0.24353620235973167
total_profit:  -0.009872489882721587
dealer:  [4] 	hands:  [3, 7] 	ratio:  0.000984790458474669
opt strategy:  Double 	profit:  0.507429335370514
total_profit:  -0.009372778314898562
dealer:  [4] 	hands:  [3, 8] 	ratio:  0.000984790458474669
opt strategy:  Double 	profit:  0.5357860113742496
total_profit:  -0.008845141363113
dealer:  [4] 	hands:  [3, 9] 	ratio:  0.000984790458474669
opt strategy:  Stand 	profit:  -0.21005220269926278
total_profit:  -0.009051998768112822
dealer:  [4] 	hands:  [3, 10] 	ratio:  0.003939161833898676
opt strategy:  Stand 	profit:  -0.21843582887700663
total_profit:  -0.009912452848381149
dealer:  [4] 	hands:  [4, 4] 	ratio:  0.00010942116205274101
opt strategy:  Split 	profit:  0.10234785508225083
total_profit:  -0.009901253827144444
dealer:  [4] 	hands:  [4, 5] 	ratio:  0.000656526972316446
opt strategy:  Double 	profit:  0.25251294457176804
total_profit:  -0.00973547226817403
dealer:  [4] 	hands:  [4, 6] 	ratio:  0.000656526972316446
opt strategy:  Double 	profit:  0.5259129106187944
total_profit:  -0.009390196257263343
dealer:  [4] 	hands:  [4, 7] 	ratio:  0.000656526972316446
opt strategy:  Double 	profit:  0.6147950089126574
total_profit:  -0.008986566751466652
dealer:  [4] 	hands:  [4, 8] 	ratio:  0.000656526972316446
opt strategy:  Stand 	profit:  -0.19926024955436883
total_profit:  -0.009117386479809602
dealer:  [4] 	hands:  [4, 9] 	ratio:  0.000656526972316446
opt strategy:  Stand 	profit:  -0.20705627705627855
total_profit:  -0.009253324510484476
dealer:  [4] 	hands:  [4, 10] 	ratio:  0.002626107889265784
opt strategy:  Stand 	profit:  -0.21363572701808164
total_profit:  -0.009814354978635692
dealer:  [4] 	hands:  [5, 5] 	ratio:  0.000328263486158223
opt strategy:  Double 	profit:  0.5428116909642657
total_profit:  -0.009636169720632323
dealer:  [4] 	hands:  [5, 6] 	ratio:  0.000984790458474669
opt strategy:  Double 	profit:  0.6376712503183118
total_profit:  -0.009008197157675236
dealer:  [4] 	hands:  [5, 7] 	ratio:  0.000984790458474669
opt strategy:  Stand 	profit:  -0.16131461675579462
total_profit:  -0.00916705825306884
dealer:  [4] 	hands:  [5, 8] 	ratio:  0.000984790458474669
opt strategy:  Stand 	profit:  -0.19801884390119812
total_profit:  -0.009362065321140926
dealer:  [4] 	hands:  [5, 9] 	ratio:  0.000984790458474669
opt strategy:  Stand 	profit:  -0.2039362108479767
total_profit:  -0.009562899755721492
dealer:  [4] 	hands:  [5, 10] 	ratio:  0.003939161833898676
opt strategy:  Stand 	profit:  -0.21035841609371175
total_profit:  -0.010391535599837218
dealer:  [4] 	hands:  [6, 6] 	ratio:  0.000328263486158223
opt strategy:  Split 	profit:  0.07402431873518919
total_profit:  -0.010367236118908718
dealer:  [4] 	hands:  [6, 7] 	ratio:  0.000984790458474669
opt strategy:  Stand 	profit:  -0.1671243952126319
total_profit:  -0.010531818628692468
dealer:  [4] 	hands:  [6, 8] 	ratio:  0.000984790458474669
opt strategy:  Stand 	profit:  -0.20199134199134355
total_profit:  -0.010730737774980037
dealer:  [4] 	hands:  [6, 9] 	ratio:  0.000984790458474669
opt strategy:  Stand 	profit:  -0.20777629233511746
total_profit:  -0.010935353885168905
dealer:  [4] 	hands:  [6, 10] 	ratio:  0.003939161833898676
opt strategy:  Stand 	profit:  -0.21423987776929138
total_profit:  -0.011779279434976815
dealer:  [4] 	hands:  [7, 7] 	ratio:  0.000328263486158223
opt strategy:  Split 	profit:  0.10556823486970694
total_profit:  -0.011744625238170915
dealer:  [4] 	hands:  [7, 8] 	ratio:  0.000984790458474669
opt strategy:  Stand 	profit:  -0.209994270435449
total_profit:  -0.011951425592030095
dealer:  [4] 	hands:  [7, 9] 	ratio:  0.000984790458474669
opt strategy:  Stand 	profit:  -0.21580404889228633
total_profit:  -0.012163947360279419
dealer:  [4] 	hands:  [7, 10] 	ratio:  0.003939161833898676
opt strategy:  Stand 	profit:  -0.0910682454800112
total_profit:  -0.012522679917154394
dealer:  [4] 	hands:  [8, 8] 	ratio:  0.000328263486158223
opt strategy:  Split 	profit:  0.10481370957474026
total_profit:  -0.012488273403452214
dealer:  [4] 	hands:  [8, 9] 	ratio:  0.000984790458474669
opt strategy:  Stand 	profit:  -0.11793332484509039
total_profit:  -0.012604413016495852
dealer:  [4] 	hands:  [8, 10] 	ratio:  0.003939161833898676
opt strategy:  Stand 	profit:  0.11117922926746483
total_profit:  -0.012166460039843183
dealer:  [4] 	hands:  [9, 9] 	ratio:  0.000328263486158223
opt strategy:  Split 	profit:  0.19402289703760434
total_profit:  -0.012102769407267101
dealer:  [4] 	hands:  [9, 10] 	ratio:  0.003939161833898676
opt strategy:  Stand 	profit:  0.33252801120447945
total_profit:  -0.010792887756828184
dealer:  [4] 	hands:  [10, 10] 	ratio:  0.007221796695480906
opt strategy:  Stand 	profit:  0.5568366437484065
total_profit:  -0.006771526723083264
dealer:  [5] 	hands:  [1, 1] 	ratio:  0.000328263486158223
opt strategy:  Split 	profit:  1.3514679225624397
total_profit:  -0.0063278891513919066
dealer:  [5] 	hands:  [1, 2] 	ratio:  0.000984790458474669
opt strategy:  Hit 	profit:  0.27929984343953473
total_profit:  -0.006052837330519184
dealer:  [5] 	hands:  [1, 3] 	ratio:  0.000984790458474669
opt strategy:  Hit 	profit:  0.21209985050451483
total_profit:  -0.005843963421498434
dealer:  [5] 	hands:  [1, 4] 	ratio:  0.000984790458474669
opt strategy:  Hit 	profit:  0.14638943099845064
total_profit:  -0.005699800506629624
dealer:  [5] 	hands:  [1, 5] 	ratio:  0.000656526972316446
opt strategy:  Double 	profit:  0.09301757066463065
total_profit:  -0.005638731962588944
dealer:  [5] 	hands:  [1, 6] 	ratio:  0.000984790458474669
opt strategy:  Double 	profit:  0.24483391336332583
total_profit:  -0.0053976218607977265
dealer:  [5] 	hands:  [1, 7] 	ratio:  0.000984790458474669
opt strategy:  Double 	profit:  0.2918075715134547
total_profit:  -0.005110252548660612
dealer:  [5] 	hands:  [1, 8] 	ratio:  0.000984790458474669
opt strategy:  Stand 	profit:  0.4172582972582968
total_profit:  -0.004699340558801254
dealer:  [5] 	hands:  [1, 9] 	ratio:  0.000984790458474669
opt strategy:  Stand 	profit:  0.6230578898225931
total_profit:  -0.004085759093826603
dealer:  [5] 	hands:  [1, 10] 	ratio:  0.003939161833898676
opt strategy:  Stand 	profit:  1.4250000000000016
total_profit:  0.0015275465194790165
dealer:  [5] 	hands:  [2, 2] 	ratio:  0.000328263486158223
opt strategy:  Split 	profit:  0.28816102563105417
total_profit:  0.0016221392623275955
dealer:  [5] 	hands:  [2, 3] 	ratio:  0.000984790458474669
opt strategy:  Hit 	profit:  0.11143820483655345
total_profit:  0.001731882543160179
dealer:  [5] 	hands:  [2, 4] 	ratio:  0.000984790458474669
opt strategy:  Hit 	profit:  0.06635281913657451
total_profit:  0.0017972261663387731
dealer:  [5] 	hands:  [2, 5] 	ratio:  0.000656526972316446
opt strategy:  Hit 	profit:  0.09288609989755922
total_profit:  0.0018582083962748006
dealer:  [5] 	hands:  [2, 6] 	ratio:  0.000984790458474669
opt strategy:  Hit 	profit:  0.13160708933500098
total_profit:  0.001987813802119533
dealer:  [5] 	hands:  [2, 7] 	ratio:  0.000984790458474669
opt strategy:  Double 	profit:  0.28855996944232254
total_profit:  0.002271984906724074
dealer:  [5] 	hands:  [2, 8] 	ratio:  0.000984790458474669
opt strategy:  Double 	profit:  0.5314807741278336
total_profit:  0.0027953821019478953
dealer:  [5] 	hands:  [2, 9] 	ratio:  0.000984790458474669
opt strategy:  Double 	profit:  0.6093124522536295
total_profit:  0.003395427191157072
dealer:  [5] 	hands:  [2, 10] 	ratio:  0.003939161833898676
opt strategy:  Stand 	profit:  -0.16022217978100473
total_profit:  0.002764286095619686
dealer:  [5] 	hands:  [3, 3] 	ratio:  0.000328263486158223
opt strategy:  Split 	profit:  0.27755755554032957
total_profit:  0.0028553981064109095
dealer:  [5] 	hands:  [3, 4] 	ratio:  0.000984790458474669
opt strategy:  Hit 	profit:  0.08181125669048138
total_profit:  0.0029359650513955176
dealer:  [5] 	hands:  [3, 5] 	ratio:  0.000656526972316446
opt strategy:  Hit 	profit:  0.14639823400034502
total_profit:  0.0030320794407162387
dealer:  [5] 	hands:  [3, 6] 	ratio:  0.000984790458474669
opt strategy:  Double 	profit:  0.3683278159748745
total_profit:  0.003394805159479109
dealer:  [5] 	hands:  [3, 7] 	ratio:  0.000984790458474669
opt strategy:  Double 	profit:  0.5596311858076579
total_profit:  0.003945924611527355
dealer:  [5] 	hands:  [3, 8] 	ratio:  0.000984790458474669
opt strategy:  Double 	profit:  0.6307376283846889
total_profit:  0.004567069009761538
dealer:  [5] 	hands:  [3, 9] 	ratio:  0.000984790458474669
opt strategy:  Stand 	profit:  -0.1512426788897393
total_profit:  0.004418126662676774
dealer:  [5] 	hands:  [3, 10] 	ratio:  0.003939161833898676
opt strategy:  Stand 	profit:  -0.15701935319582577
total_profit:  0.0037996020193843214
dealer:  [5] 	hands:  [4, 4] 	ratio:  0.000328263486158223
opt strategy:  Split 	profit:  0.24839167302637516
total_profit:  0.003881139935904633
dealer:  [5] 	hands:  [4, 5] 	ratio:  0.000656526972316446
opt strategy:  Double 	profit:  0.3991303794244973
total_profit:  0.004143179795467713
dealer:  [5] 	hands:  [4, 6] 	ratio:  0.000984790458474669
opt strategy:  Double 	profit:  0.6445985060690963
total_profit:  0.004777974253791585
dealer:  [5] 	hands:  [4, 7] 	ratio:  0.000984790458474669
opt strategy:  Double 	profit:  0.6618360071301268
total_profit:  0.005429744038688307
dealer:  [5] 	hands:  [4, 8] 	ratio:  0.000984790458474669
opt strategy:  Stand 	profit:  -0.14410873440285382
total_profit:  0.005287827132065517
dealer:  [5] 	hands:  [4, 9] 	ratio:  0.000984790458474669
opt strategy:  Stand 	profit:  -0.14743570155335028
total_profit:  0.005142633859937258
dealer:  [5] 	hands:  [4, 10] 	ratio:  0.003939161833898676
opt strategy:  Stand 	profit:  -0.15322892793481246
total_profit:  0.004539040315167235
dealer:  [5] 	hands:  [5, 5] 	ratio:  0.00010942116205274101
opt strategy:  Double 	profit:  0.6662019353195814
total_profit:  0.004611936905091688
dealer:  [5] 	hands:  [5, 6] 	ratio:  0.000656526972316446
opt strategy:  Double 	profit:  0.7479093455564061
total_profit:  0.0051029595632970095
dealer:  [5] 	hands:  [5, 7] 	ratio:  0.000656526972316446
opt strategy:  Stand 	profit:  -0.13486440030557822
total_profit:  0.0050144174468911154
dealer:  [5] 	hands:  [5, 8] 	ratio:  0.000656526972316446
opt strategy:  Stand 	profit:  -0.1412700534759373
total_profit:  0.004921669846403576
dealer:  [5] 	hands:  [5, 9] 	ratio:  0.000656526972316446
opt strategy:  Stand 	profit:  -0.14453081232493142
total_profit:  0.004826781469781452
dealer:  [5] 	hands:  [5, 10] 	ratio:  0.002626107889265784
opt strategy:  Stand 	profit:  -0.15034886681945664
total_profit:  0.0044319491244847065
dealer:  [5] 	hands:  [6, 6] 	ratio:  0.000328263486158223
opt strategy:  Split 	profit:  0.22121058548010655
total_profit:  0.004504564482449508
dealer:  [5] 	hands:  [6, 7] 	ratio:  0.000984790458474669
opt strategy:  Stand 	profit:  -0.14284250063661985
total_profit:  0.004363894550757903
dealer:  [5] 	hands:  [6, 8] 	ratio:  0.000984790458474669
opt strategy:  Stand 	profit:  -0.14927298192004262
total_profit:  0.004216891942454983
dealer:  [5] 	hands:  [6, 9] 	ratio:  0.000984790458474669
opt strategy:  Stand 	profit:  -0.15257512095747555
total_profit:  0.004066637419135443
dealer:  [5] 	hands:  [6, 10] 	ratio:  0.003939161833898676
opt strategy:  Stand 	profit:  -0.1584097275273767
total_profit:  0.0034426358663413124
dealer:  [5] 	hands:  [7, 7] 	ratio:  0.000328263486158223
opt strategy:  Split 	profit:  0.12804936179017196
total_profit:  0.00348466979624289
dealer:  [5] 	hands:  [7, 8] 	ratio:  0.000984790458474669
opt strategy:  Stand 	profit:  -0.18590272472625619
total_profit:  0.0033015945667280297
dealer:  [5] 	hands:  [7, 9] 	ratio:  0.000984790458474669
opt strategy:  Stand 	profit:  -0.18923796791444003
total_profit:  0.0031152348215447534
dealer:  [5] 	hands:  [7, 10] 	ratio:  0.003939161833898676
opt strategy:  Stand 	profit:  -0.07230880230880364
total_profit:  0.0028303987472349896
dealer:  [5] 	hands:  [8, 8] 	ratio:  0.000328263486158223
opt strategy:  Split 	profit:  0.21846917218744877
total_profit:  0.002902114199315343
dealer:  [5] 	hands:  [8, 9] 	ratio:  0.000984790458474669
opt strategy:  Stand 	profit:  -0.07431117901706247
total_profit:  0.002828933259261337
dealer:  [5] 	hands:  [8, 10] 	ratio:  0.003939161833898676
opt strategy:  Stand 	profit:  0.15973983532807065
total_profit:  0.003458174321938932
dealer:  [5] 	hands:  [9, 9] 	ratio:  0.000328263486158223
opt strategy:  Split 	profit:  0.3089546064637991
total_profit:  0.0035595928381213808
dealer:  [5] 	hands:  [9, 10] 	ratio:  0.003939161833898676
opt strategy:  Stand 	profit:  0.39367349970291027
total_profit:  0.0051103364631684065
dealer:  [5] 	hands:  [10, 10] 	ratio:  0.007221796695480906
opt strategy:  Stand 	profit:  0.6035438417791328
total_profit:  0.009469007385306798
dealer:  [6] 	hands:  [1, 1] 	ratio:  0.000328263486158223
opt strategy:  Split 	profit:  1.381335592556795
total_profit:  0.009922449422473927
dealer:  [6] 	hands:  [1, 2] 	ratio:  0.000984790458474669
opt strategy:  Hit 	profit:  0.28680899179330016
total_profit:  0.010204896180996709
dealer:  [6] 	hands:  [1, 3] 	ratio:  0.000984790458474669
opt strategy:  Hit 	profit:  0.2159948788023683
total_profit:  0.010417605876720673
dealer:  [6] 	hands:  [1, 4] 	ratio:  0.000984790458474669
opt strategy:  Hit 	profit:  0.1540770568852951
total_profit:  0.010569339492211172
dealer:  [6] 	hands:  [1, 5] 	ratio:  0.000984790458474669
opt strategy:  Double 	profit:  0.16743428684605194
total_profit:  0.010734227180318674
dealer:  [6] 	hands:  [1, 6] 	ratio:  0.000656526972316446
opt strategy:  Double 	profit:  0.20423308717426422
total_profit:  0.010868311710688035
dealer:  [6] 	hands:  [1, 7] 	ratio:  0.000984790458474669
opt strategy:  Double 	profit:  0.31453116600175496
total_profit:  0.011178059001859475
dealer:  [6] 	hands:  [1, 8] 	ratio:  0.000984790458474669
opt strategy:  Stand 	profit:  0.43164311179017023
total_profit:  0.01160313701981675
dealer:  [6] 	hands:  [1, 9] 	ratio:  0.000984790458474669
opt strategy:  Stand 	profit:  0.634876071640776
total_profit:  0.012228356917482466
dealer:  [6] 	hands:  [1, 10] 	ratio:  0.003939161833898676
opt strategy:  Stand 	profit:  1.4250000000000036
total_profit:  0.017841662530788095
dealer:  [6] 	hands:  [2, 2] 	ratio:  0.000328263486158223
opt strategy:  Split 	profit:  0.28134462690789175
total_profit:  0.017934017698828766
dealer:  [6] 	hands:  [2, 3] 	ratio:  0.000984790458474669
opt strategy:  Hit 	profit:  0.10449324366385135
total_profit:  0.018036921648163996
dealer:  [6] 	hands:  [2, 4] 	ratio:  0.000984790458474669
opt strategy:  Hit 	profit:  0.07130935519980296
total_profit:  0.018107146420764744
dealer:  [6] 	hands:  [2, 5] 	ratio:  0.000984790458474669
opt strategy:  Hit 	profit:  0.09894572167057238
total_profit:  0.018204587223372815
dealer:  [6] 	hands:  [2, 6] 	ratio:  0.000656526972316446
opt strategy:  Hit 	profit:  0.12100058265761131
total_profit:  0.018284027369553542
dealer:  [6] 	hands:  [2, 7] 	ratio:  0.000984790458474669
opt strategy:  Double 	profit:  0.3011522790934559
total_profit:  0.018580599260552676
dealer:  [6] 	hands:  [2, 8] 	ratio:  0.000984790458474669
opt strategy:  Double 	profit:  0.5493650793650804
total_profit:  0.019121608748930586
dealer:  [6] 	hands:  [2, 9] 	ratio:  0.000984790458474669
opt strategy:  Double 	profit:  0.6155590923237995
total_profit:  0.01972780546967839
dealer:  [6] 	hands:  [2, 10] 	ratio:  0.003939161833898676
opt strategy:  Hit 	profit:  -0.1803212999214834
total_profit:  0.019017490687188686
dealer:  [6] 	hands:  [3, 3] 	ratio:  0.000328263486158223
opt strategy:  Split 	profit:  0.25419553126477273
total_profit:  0.019100933798447503
dealer:  [6] 	hands:  [3, 4] 	ratio:  0.000984790458474669
opt strategy:  Hit 	profit:  0.08393113776394037
total_profit:  0.019183588382086354
dealer:  [6] 	hands:  [3, 5] 	ratio:  0.000984790458474669
opt strategy:  Double 	profit:  0.1656828792122914
total_profit:  0.01934675130066723
dealer:  [6] 	hands:  [3, 6] 	ratio:  0.000656526972316446
opt strategy:  Double 	profit:  0.33007130124777306
total_profit:  0.01956345201272398
dealer:  [6] 	hands:  [3, 7] 	ratio:  0.000984790458474669
opt strategy:  Double 	profit:  0.5744760631525354
total_profit:  0.02012919055833869
dealer:  [6] 	hands:  [3, 8] 	ratio:  0.000984790458474669
opt strategy:  Double 	profit:  0.6412265512265528
total_profit:  0.02076066434770722
dealer:  [6] 	hands:  [3, 9] 	ratio:  0.000984790458474669
opt strategy:  Stand 	profit:  -0.17799083269671628
total_profit:  0.02058538067397153
dealer:  [6] 	hands:  [3, 10] 	ratio:  0.003939161833898676
opt strategy:  Stand 	profit:  -0.18269162210338807
total_profit:  0.019865728808808825
dealer:  [6] 	hands:  [4, 4] 	ratio:  0.000328263486158223
opt strategy:  Split 	profit:  0.21185951417884605
total_profit:  0.01993527455150896
dealer:  [6] 	hands:  [4, 5] 	ratio:  0.000984790458474669
opt strategy:  Double 	profit:  0.41663356251591743
total_profit:  0.020345571308554945
dealer:  [6] 	hands:  [4, 6] 	ratio:  0.000656526972316446
opt strategy:  Double 	profit:  0.6096040234275542
total_profit:  0.02074579279236776
dealer:  [6] 	hands:  [4, 7] 	ratio:  0.000984790458474669
opt strategy:  Double 	profit:  0.6637000254647333
total_profit:  0.021399398244734826
dealer:  [6] 	hands:  [4, 8] 	ratio:  0.000984790458474669
opt strategy:  Stand 	profit:  -0.1696568627450995
total_profit:  0.021232321785088704
dealer:  [6] 	hands:  [4, 9] 	ratio:  0.000984790458474669
opt strategy:  Stand 	profit:  -0.17511904761904906
total_profit:  0.021059866217896295
dealer:  [6] 	hands:  [4, 10] 	ratio:  0.003939161833898676
opt strategy:  Stand 	profit:  -0.17975362872421846
total_profit:  0.02035178758412106
dealer:  [6] 	hands:  [5, 5] 	ratio:  0.000328263486158223
opt strategy:  Double 	profit:  0.704316457643665
total_profit:  0.02058298895986578
dealer:  [6] 	hands:  [5, 6] 	ratio:  0.000656526972316446
opt strategy:  Double 	profit:  0.7026704014939327
total_profit:  0.021044311031094973
dealer:  [6] 	hands:  [5, 7] 	ratio:  0.000984790458474669
opt strategy:  Stand 	profit:  -0.166247135217725
total_profit:  0.020880592438583808
dealer:  [6] 	hands:  [5, 8] 	ratio:  0.000984790458474669
opt strategy:  Stand 	profit:  -0.16870925642984635
total_profit:  0.02071444917259534
dealer:  [6] 	hands:  [5, 9] 	ratio:  0.000984790458474669
opt strategy:  Stand 	profit:  -0.17418799337917146
total_profit:  0.020542910498734683
dealer:  [6] 	hands:  [5, 10] 	ratio:  0.003939161833898676
opt strategy:  Stand 	profit:  -0.17895912910618944
total_profit:  0.019837961527531835
dealer:  [6] 	hands:  [6, 6] 	ratio:  0.00010942116205274101
opt strategy:  Split 	profit:  0.08558867412529114
total_profit:  0.019847326739713178
dealer:  [6] 	hands:  [6, 7] 	ratio:  0.000656526972316446
opt strategy:  Stand 	profit:  -0.20210306850012916
total_profit:  0.019714640624054924
dealer:  [6] 	hands:  [6, 8] 	ratio:  0.000656526972316446
opt strategy:  Stand 	profit:  -0.20462312197606486
total_profit:  0.01958030002531804
dealer:  [6] 	hands:  [6, 9] 	ratio:  0.000656526972316446
opt strategy:  Stand 	profit:  -0.210391520244463
total_profit:  0.01944217231753089
dealer:  [6] 	hands:  [6, 10] 	ratio:  0.002626107889265784
opt strategy:  Stand 	profit:  -0.21234052711994061
total_profit:  0.01888454318405036
dealer:  [6] 	hands:  [7, 7] 	ratio:  0.000328263486158223
opt strategy:  Split 	profit:  0.12642044128257487
total_profit:  0.018926042398827437
dealer:  [6] 	hands:  [7, 8] 	ratio:  0.000984790458474669
opt strategy:  Stand 	profit:  -0.2107598039215704
total_profit:  0.018718488154895484
dealer:  [6] 	hands:  [7, 9] 	ratio:  0.000984790458474669
opt strategy:  Stand 	profit:  -0.21370607333842806
total_profit:  0.018508032452953713
dealer:  [6] 	hands:  [7, 10] 	ratio:  0.003939161833898676
opt strategy:  Stand 	profit:  -0.04627132671250371
total_profit:  0.018325762208763963
dealer:  [6] 	hands:  [8, 8] 	ratio:  0.000328263486158223
opt strategy:  Split 	profit:  0.26297979776588165
total_profit:  0.018412088873967777
dealer:  [6] 	hands:  [8, 9] 	ratio:  0.000984790458474669
opt strategy:  Stand 	profit:  -0.04641074611662899
total_profit:  0.01836638401402143
dealer:  [6] 	hands:  [8, 10] 	ratio:  0.003939161833898676
opt strategy:  Stand 	profit:  0.22306998556998536
total_profit:  0.019245092787467045
dealer:  [6] 	hands:  [9, 9] 	ratio:  0.000328263486158223
opt strategy:  Split 	profit:  0.3177033597529934
total_profit:  0.019349383199903744
dealer:  [6] 	hands:  [9, 10] 	ratio:  0.003939161833898676
opt strategy:  Stand 	profit:  0.42977941176470336
total_profit:  0.021042353855722687
dealer:  [6] 	hands:  [10, 10] 	ratio:  0.007221796695480906
opt strategy:  Stand 	profit:  0.6346966513878249
total_profit:  0.02562600403534808
dealer:  [7] 	hands:  [1, 1] 	ratio:  0.000328263486158223
opt strategy:  Split 	profit:  1.3109836860699997
total_profit:  0.026056352110433976
dealer:  [7] 	hands:  [1, 2] 	ratio:  0.000984790458474669
opt strategy:  Hit 	profit:  0.28508575482164167
total_profit:  0.02633710184162938
dealer:  [7] 	hands:  [1, 3] 	ratio:  0.000984790458474669
opt strategy:  Hit 	profit:  0.17682051615296243
total_profit:  0.026511232998799383
dealer:  [7] 	hands:  [1, 4] 	ratio:  0.000984790458474669
opt strategy:  Hit 	profit:  0.10261223173898107
total_profit:  0.026612284545538722
dealer:  [7] 	hands:  [1, 5] 	ratio:  0.000984790458474669
opt strategy:  Hit 	profit:  -0.003784051544717698
total_profit:  0.02660855804768311
dealer:  [7] 	hands:  [1, 6] 	ratio:  0.000984790458474669
opt strategy:  Hit 	profit:  0.06363586376123459
total_profit:  0.026671226039131968
dealer:  [7] 	hands:  [1, 7] 	ratio:  0.000656526972316446
opt strategy:  Stand 	profit:  0.3783242084712674
total_profit:  0.026919606086273626
dealer:  [7] 	hands:  [1, 8] 	ratio:  0.000984790458474669
opt strategy:  Stand 	profit:  0.5686541889483062
total_profit:  0.02747961130572157
dealer:  [7] 	hands:  [1, 9] 	ratio:  0.000984790458474669
opt strategy:  Stand 	profit:  0.720849885408708
total_profit:  0.028189497394864624
dealer:  [7] 	hands:  [1, 10] 	ratio:  0.003939161833898676
opt strategy:  Stand 	profit:  1.425000000000002
total_profit:  0.03380280300817025
dealer:  [7] 	hands:  [2, 2] 	ratio:  0.000328263486158223
opt strategy:  Hit 	profit:  0.12808512047444798
total_profit:  0.03384484867634219
dealer:  [7] 	hands:  [2, 3] 	ratio:  0.000984790458474669
opt strategy:  Hit 	profit:  0.04861441219938595
total_profit:  0.0338927236856205
dealer:  [7] 	hands:  [2, 4] 	ratio:  0.000984790458474669
opt strategy:  Hit 	profit:  -0.052960596087775424
total_profit:  0.03384056859591813
dealer:  [7] 	hands:  [2, 5] 	ratio:  0.000984790458474669
opt strategy:  Hit 	profit:  -0.0060443450876399366
total_profit:  0.03383461618254809
dealer:  [7] 	hands:  [2, 6] 	ratio:  0.000984790458474669
opt strategy:  Hit 	profit:  0.12222224499729821
total_profit:  0.03395497948323478
dealer:  [7] 	hands:  [2, 7] 	ratio:  0.000656526972316446
opt strategy:  Hit 	profit:  0.19277886087383397
total_profit:  0.03408154400509089
dealer:  [7] 	hands:  [2, 8] 	ratio:  0.000984790458474669
opt strategy:  Double 	profit:  0.35691706985824645
total_profit:  0.03443303252995403
dealer:  [7] 	hands:  [2, 9] 	ratio:  0.000984790458474669
opt strategy:  Double 	profit:  0.38203774439068616
total_profit:  0.03480925965540716
dealer:  [7] 	hands:  [2, 10] 	ratio:  0.003939161833898676
opt strategy:  Hit 	profit:  -0.22170521080194042
total_profit:  0.0339359269506397
dealer:  [7] 	hands:  [3, 3] 	ratio:  0.000328263486158223
opt strategy:  Split 	profit:  -0.02229354298118722
total_profit:  0.03392860879450187
dealer:  [7] 	hands:  [3, 4] 	ratio:  0.000984790458474669
opt strategy:  Hit 	profit:  -0.011538395655182762
total_profit:  0.03391724589255454
dealer:  [7] 	hands:  [3, 5] 	ratio:  0.000984790458474669
opt strategy:  Hit 	profit:  0.1239188264341252
total_profit:  0.034039279970452245
dealer:  [7] 	hands:  [3, 6] 	ratio:  0.000984790458474669
opt strategy:  Hit 	profit:  0.2147421202835768
total_profit:  0.03425075596154013
dealer:  [7] 	hands:  [3, 7] 	ratio:  0.000656526972316446
opt strategy:  Double 	profit:  0.38937823614294276
total_profit:  0.034506393276000975
dealer:  [7] 	hands:  [3, 8] 	ratio:  0.000984790458474669
opt strategy:  Double 	profit:  0.4025615397674227
total_profit:  0.034902832039312805
dealer:  [7] 	hands:  [3, 9] 	ratio:  0.000984790458474669
opt strategy:  Hit 	profit:  -0.26658140623673704
total_profit:  0.034640305214044105
dealer:  [7] 	hands:  [3, 10] 	ratio:  0.003939161833898676
opt strategy:  Hit 	profit:  -0.2846937458400189
total_profit:  0.033518850476081455
dealer:  [7] 	hands:  [4, 4] 	ratio:  0.000328263486158223
opt strategy:  Hit 	profit:  0.1482035151747037
total_profit:  0.03356750027863361
dealer:  [7] 	hands:  [4, 5] 	ratio:  0.000984790458474669
opt strategy:  Hit 	profit:  0.2209875645125065
total_profit:  0.03378512672360708
dealer:  [7] 	hands:  [4, 6] 	ratio:  0.000984790458474669
opt strategy:  Double 	profit:  0.43092479416008916
total_profit:  0.0342094973492161
dealer:  [7] 	hands:  [4, 7] 	ratio:  0.000656526972316446
opt strategy:  Double 	profit:  0.41835943468296505
total_profit:  0.034484161602208525
dealer:  [7] 	hands:  [4, 8] 	ratio:  0.000984790458474669
opt strategy:  Hit 	profit:  -0.2636891095040777
total_profit:  0.034224483083165225
dealer:  [7] 	hands:  [4, 9] 	ratio:  0.000984790458474669
opt strategy:  Hit 	profit:  -0.29036084190671624
total_profit:  0.03393853849654082
dealer:  [7] 	hands:  [4, 10] 	ratio:  0.003939161833898676
opt strategy:  Hit 	profit:  -0.36650586093124926
total_profit:  0.03249481259726027
dealer:  [7] 	hands:  [5, 5] 	ratio:  0.000328263486158223
opt strategy:  Double 	profit:  0.4240788465007216
total_profit:  0.03263402219781855
dealer:  [7] 	hands:  [5, 6] 	ratio:  0.000984790458474669
opt strategy:  Double 	profit:  0.4339045921398864
total_profit:  0.03306132730004625
dealer:  [7] 	hands:  [5, 7] 	ratio:  0.000656526972316446
opt strategy:  Hit 	profit:  -0.28205626625344665
total_profit:  0.032876149753539995
dealer:  [7] 	hands:  [5, 8] 	ratio:  0.000984790458474669
opt strategy:  Hit 	profit:  -0.3612164700679881
total_profit:  0.03252042722037314
dealer:  [7] 	hands:  [5, 9] 	ratio:  0.000984790458474669
opt strategy:  Hit 	profit:  -0.37472983186431946
total_profit:  0.03215139685744734
dealer:  [7] 	hands:  [5, 10] 	ratio:  0.003939161833898676
opt strategy:  Hit 	profit:  -0.3805857857255806
total_profit:  0.030652207855792795
dealer:  [7] 	hands:  [6, 6] 	ratio:  0.000328263486158223
opt strategy:  Split 	profit:  -0.21657342730749796
total_profit:  0.030581114707535603
dealer:  [7] 	hands:  [6, 7] 	ratio:  0.000656526972316446
opt strategy:  Hit 	profit:  -0.3660626958841943
total_profit:  0.030340784674128755
dealer:  [7] 	hands:  [6, 8] 	ratio:  0.000984790458474669
opt strategy:  Hit 	profit:  -0.3755138028940805
total_profit:  0.029970982264013128
dealer:  [7] 	hands:  [6, 9] 	ratio:  0.000984790458474669
opt strategy:  Hit 	profit:  -0.37892182853713335
total_profit:  0.029597823662761983
dealer:  [7] 	hands:  [6, 10] 	ratio:  0.003939161833898676
opt strategy:  Hit 	profit:  -0.3804634978991597
total_profit:  0.028099116372646026
dealer:  [7] 	hands:  [7, 7] 	ratio:  0.00010942116205274101
opt strategy:  Split 	profit:  -0.10686457037657565
total_profit:  0.028087423127173154
dealer:  [7] 	hands:  [7, 8] 	ratio:  0.000656526972316446
opt strategy:  Hit 	profit:  -0.32761704567274125
total_profit:  0.02787233370009837
dealer:  [7] 	hands:  [7, 9] 	ratio:  0.000656526972316446
opt strategy:  Hit 	profit:  -0.3788684905780494
total_profit:  0.027623596317073063
dealer:  [7] 	hands:  [7, 10] 	ratio:  0.002626107889265784
opt strategy:  Stand 	profit:  -0.14350447754859713
total_profit:  0.027246738076437727
dealer:  [7] 	hands:  [8, 8] 	ratio:  0.000328263486158223
opt strategy:  Split 	profit:  0.19346396512802994
total_profit:  0.027310245232076646
dealer:  [7] 	hands:  [8, 9] 	ratio:  0.000984790458474669
opt strategy:  Stand 	profit:  -0.14283454290807412
total_profit:  0.027169583137080185
dealer:  [7] 	hands:  [8, 10] 	ratio:  0.003939161833898676
opt strategy:  Stand 	profit:  0.34731569900687564
total_profit:  0.02853771588292191
dealer:  [7] 	hands:  [9, 9] 	ratio:  0.000328263486158223
opt strategy:  Stand 	profit:  0.36398363891010965
total_profit:  0.0286571984211351
dealer:  [7] 	hands:  [9, 10] 	ratio:  0.003939161833898676
opt strategy:  Stand 	profit:  0.5593159536541883
total_profit:  0.03086043447886032
dealer:  [7] 	hands:  [10, 10] 	ratio:  0.007221796695480906
opt strategy:  Stand 	profit:  0.7049073720397228
total_profit:  0.03595113220887692
dealer:  [8] 	hands:  [1, 1] 	ratio:  0.000328263486158223
opt strategy:  Split 	profit:  1.2317031146579618
total_profit:  0.03635545536720648
dealer:  [8] 	hands:  [1, 2] 	ratio:  0.000984790458474669
opt strategy:  Hit 	profit:  0.256578997554952
total_profit:  0.0366081319158436
dealer:  [8] 	hands:  [1, 3] 	ratio:  0.000984790458474669
opt strategy:  Hit 	profit:  0.19571063389055102
total_profit:  0.03680086588072104
dealer:  [8] 	hands:  [1, 4] 	ratio:  0.000984790458474669
opt strategy:  Hit 	profit:  0.06595177436810495
total_profit:  0.03686581455883822
dealer:  [8] 	hands:  [1, 5] 	ratio:  0.000984790458474669
opt strategy:  Hit 	profit:  -0.03269702358633668
total_profit:  0.036833614841989874
dealer:  [8] 	hands:  [1, 6] 	ratio:  0.000984790458474669
opt strategy:  Hit 	profit:  -0.03999656593708269
total_profit:  0.03679422660548328
dealer:  [8] 	hands:  [1, 7] 	ratio:  0.000984790458474669
opt strategy:  Stand 	profit:  0.10639674051438744
total_profit:  0.036899005100354654
dealer:  [8] 	hands:  [1, 8] 	ratio:  0.000656526972316446
opt strategy:  Stand 	profit:  0.5720013156777862
total_profit:  0.03727453939229761
dealer:  [8] 	hands:  [1, 9] 	ratio:  0.000984790458474669
opt strategy:  Stand 	profit:  0.73412401324166
total_profit:  0.037997497715875135
dealer:  [8] 	hands:  [1, 10] 	ratio:  0.003939161833898676
opt strategy:  Stand 	profit:  1.4250000000000007
total_profit:  0.04361080332918075
dealer:  [8] 	hands:  [2, 2] 	ratio:  0.000328263486158223
opt strategy:  Hit 	profit:  0.11937199683453519
total_profit:  0.04364998879701132
dealer:  [8] 	hands:  [2, 3] 	ratio:  0.000984790458474669
opt strategy:  Hit 	profit:  0.01690615251782515
total_profit:  0.04366663781470039
dealer:  [8] 	hands:  [2, 4] 	ratio:  0.000984790458474669
opt strategy:  Hit 	profit:  -0.10173703087051057
total_profit:  0.04356644815742557
dealer:  [8] 	hands:  [2, 5] 	ratio:  0.000984790458474669
opt strategy:  Hit 	profit:  -0.12631631512473845
total_profit:  0.04344205305554105
dealer:  [8] 	hands:  [2, 6] 	ratio:  0.000984790458474669
opt strategy:  Hit 	profit:  -0.009001707374869272
total_profit:  0.0434331882600083
dealer:  [8] 	hands:  [2, 7] 	ratio:  0.000984790458474669
opt strategy:  Hit 	profit:  0.13049844721612974
total_profit:  0.0435617018856725
dealer:  [8] 	hands:  [2, 8] 	ratio:  0.000656526972316446
opt strategy:  Double 	profit:  0.23748302351243555
total_profit:  0.04371761589607567
dealer:  [8] 	hands:  [2, 9] 	ratio:  0.000984790458474669
opt strategy:  Double 	profit:  0.257787822199587
total_profit:  0.04397148288368879
dealer:  [8] 	hands:  [2, 10] 	ratio:  0.003939161833898676
opt strategy:  Hit 	profit:  -0.2806247755007836
total_profit:  0.042866056478389716
dealer:  [8] 	hands:  [3, 3] 	ratio:  0.000328263486158223
opt strategy:  Hit 	profit:  -0.10176621282371709
total_profit:  0.042832650346595086
dealer:  [8] 	hands:  [3, 4] 	ratio:  0.000984790458474669
opt strategy:  Hit 	profit:  -0.14296150358257503
total_profit:  0.04269186322193777
dealer:  [8] 	hands:  [3, 5] 	ratio:  0.000984790458474669
opt strategy:  Hit 	profit:  -0.0103205623163449
total_profit:  0.04268169963064254
dealer:  [8] 	hands:  [3, 6] 	ratio:  0.000984790458474669
opt strategy:  Hit 	profit:  0.14604010599637365
total_profit:  0.0428255185335824
dealer:  [8] 	hands:  [3, 7] 	ratio:  0.000984790458474669
opt strategy:  Double 	profit:  0.2802754435107375
total_profit:  0.043101531116096534
dealer:  [8] 	hands:  [3, 8] 	ratio:  0.000656526972316446
opt strategy:  Double 	profit:  0.2592990832696719
total_profit:  0.04327176795816
dealer:  [8] 	hands:  [3, 9] 	ratio:  0.000984790458474669
opt strategy:  Hit 	profit:  -0.33325373736218583
total_profit:  0.042943582857354695
dealer:  [8] 	hands:  [3, 10] 	ratio:  0.003939161833898676
opt strategy:  Hit 	profit:  -0.3394298317980051
total_profit:  0.04160651381864935
dealer:  [8] 	hands:  [4, 4] 	ratio:  0.000328263486158223
opt strategy:  Hit 	profit:  -0.008523409519599661
total_profit:  0.04160371589452649
dealer:  [8] 	hands:  [4, 5] 	ratio:  0.000984790458474669
opt strategy:  Hit 	profit:  0.13408431604150287
total_profit:  0.04173576084959526
dealer:  [8] 	hands:  [4, 6] 	ratio:  0.000984790458474669
opt strategy:  Double 	profit:  0.26435659112129695
total_profit:  0.0419960966981664
dealer:  [8] 	hands:  [4, 7] 	ratio:  0.000984790458474669
opt strategy:  Double 	profit:  0.2710037348272645
total_profit:  0.04226297859043529
dealer:  [8] 	hands:  [4, 8] 	ratio:  0.000656526972316446
opt strategy:  Hit 	profit:  -0.3354471385633921
total_profit:  0.04204274849618205
dealer:  [8] 	hands:  [4, 9] 	ratio:  0.000984790458474669
opt strategy:  Hit 	profit:  -0.3533506231778514
total_profit:  0.041694772173980425
dealer:  [8] 	hands:  [4, 10] 	ratio:  0.003939161833898676
opt strategy:  Hit 	profit:  -0.36731302019372014
total_profit:  0.04024786674373927
dealer:  [8] 	hands:  [5, 5] 	ratio:  0.000328263486158223
opt strategy:  Double 	profit:  0.27527243615249125
total_profit:  0.04033822863327396
dealer:  [8] 	hands:  [5, 6] 	ratio:  0.000984790458474669
opt strategy:  Double 	profit:  0.3028384687208215
total_profit:  0.0406364610677293
dealer:  [8] 	hands:  [5, 7] 	ratio:  0.000984790458474669
opt strategy:  Hit 	profit:  -0.3365013164478891
total_profit:  0.04030507778202726
dealer:  [8] 	hands:  [5, 8] 	ratio:  0.000656526972316446
opt strategy:  Hit 	profit:  -0.4160558607729504
total_profit:  0.04003192588743948
dealer:  [8] 	hands:  [5, 9] 	ratio:  0.000984790458474669
opt strategy:  Hit 	profit:  -0.3832676430222015
total_profit:  0.03965448756954914
dealer:  [8] 	hands:  [5, 10] 	ratio:  0.003939161833898676
opt strategy:  Hit 	profit:  -0.4334462295854315
total_profit:  0.03794707272491892
dealer:  [8] 	hands:  [6, 6] 	ratio:  0.000328263486158223
opt strategy:  Hit 	profit:  -0.3181524373281815
total_profit:  0.03784263489671184
dealer:  [8] 	hands:  [6, 7] 	ratio:  0.000984790458474669
opt strategy:  Hit 	profit:  -0.42588261381348735
total_profit:  0.037423229762198064
dealer:  [8] 	hands:  [6, 8] 	ratio:  0.000656526972316446
opt strategy:  Hit 	profit:  -0.38143655551174527
total_profit:  0.037172806375277125
dealer:  [8] 	hands:  [6, 9] 	ratio:  0.000984790458474669
opt strategy:  Hit 	profit:  -0.43684336380416056
total_profit:  0.03674260719875481
dealer:  [8] 	hands:  [6, 10] 	ratio:  0.003939161833898676
opt strategy:  Hit 	profit:  -0.42799656226126825
total_profit:  0.03505665947565538
dealer:  [8] 	hands:  [7, 7] 	ratio:  0.000328263486158223
opt strategy:  Split 	profit:  -0.41530741813022765
total_profit:  0.034920329214752584
dealer:  [8] 	hands:  [7, 8] 	ratio:  0.000656526972316446
opt strategy:  Hit 	profit:  -0.38222409993597883
total_profit:  0.03466938878367524
dealer:  [8] 	hands:  [7, 9] 	ratio:  0.000984790458474669
opt strategy:  Hit 	profit:  -0.4318634480307275
total_profit:  0.034244093780690606
dealer:  [8] 	hands:  [7, 10] 	ratio:  0.003939161833898676
opt strategy:  Stand 	profit:  -0.41100012732365787
total_profit:  0.032625097765409755
dealer:  [8] 	hands:  [8, 8] 	ratio:  0.00010942116205274101
opt strategy:  Split 	profit:  -0.11616152557474844
total_profit:  0.032612387236295545
dealer:  [8] 	hands:  [8, 9] 	ratio:  0.000656526972316446
opt strategy:  Stand 	profit:  -0.4391328197945853
total_profit:  0.032324084695671024
dealer:  [8] 	hands:  [8, 10] 	ratio:  0.002626107889265784
opt strategy:  Stand 	profit:  0.07013888888888839
total_profit:  0.03250827698512647
dealer:  [8] 	hands:  [9, 9] 	ratio:  0.000328263486158223
opt strategy:  Split 	profit:  0.13332241536612377
total_profit:  0.032552041865977585
dealer:  [8] 	hands:  [9, 10] 	ratio:  0.003939161833898676
opt strategy:  Stand 	profit:  0.5286933409727527
total_profit:  0.034634650496573834
dealer:  [8] 	hands:  [10, 10] 	ratio:  0.007221796695480906
opt strategy:  Stand 	profit:  0.7287178507766734
total_profit:  0.03989730266325076
dealer:  [9] 	hands:  [1, 1] 	ratio:  0.000328263486158223
opt strategy:  Split 	profit:  1.1057246553774442
total_profit:  0.04026027169335606
dealer:  [9] 	hands:  [1, 2] 	ratio:  0.000984790458474669
opt strategy:  Hit 	profit:  0.25894649800189695
total_profit:  0.04051527973384376
dealer:  [9] 	hands:  [1, 3] 	ratio:  0.000984790458474669
opt strategy:  Hit 	profit:  0.14442706803467137
total_profit:  0.040657510132389774
dealer:  [9] 	hands:  [1, 4] 	ratio:  0.000984790458474669
opt strategy:  Hit 	profit:  0.025773114723548957
total_profit:  0.0406828912498547
dealer:  [9] 	hands:  [1, 5] 	ratio:  0.000984790458474669
opt strategy:  Hit 	profit:  -0.08580489777727243
total_profit:  0.04059839140523325
dealer:  [9] 	hands:  [1, 6] 	ratio:  0.000984790458474669
opt strategy:  Hit 	profit:  -0.08932920331500155
total_profit:  0.04051042085814549
dealer:  [9] 	hands:  [1, 7] 	ratio:  0.000984790458474669
opt strategy:  Hit 	profit:  -0.06621192919983254
total_profit:  0.040445215982032295
dealer:  [9] 	hands:  [1, 8] 	ratio:  0.000984790458474669
opt strategy:  Stand 	profit:  0.26332951362363144
total_profit:  0.04070454037448362
dealer:  [9] 	hands:  [1, 9] 	ratio:  0.000656526972316446
opt strategy:  Stand 	profit:  0.7234916390798745
total_profit:  0.041179532149784995
dealer:  [9] 	hands:  [1, 10] 	ratio:  0.003939161833898676
opt strategy:  Stand 	profit:  1.4250000000000005
total_profit:  0.04679283776309061
dealer:  [9] 	hands:  [2, 2] 	ratio:  0.000328263486158223
opt strategy:  Hit 	profit:  0.074494061331155
total_profit:  0.046817291443361254
dealer:  [9] 	hands:  [2, 3] 	ratio:  0.000984790458474669
opt strategy:  Hit 	profit:  -0.034454126390292314
total_profit:  0.04678336134843701
dealer:  [9] 	hands:  [2, 4] 	ratio:  0.000984790458474669
opt strategy:  Hit 	profit:  -0.14746141201165222
total_profit:  0.046638142756894735
dealer:  [9] 	hands:  [2, 5] 	ratio:  0.000984790458474669
opt strategy:  Hit 	profit:  -0.1657143747538525
total_profit:  0.04647494882180504
dealer:  [9] 	hands:  [2, 6] 	ratio:  0.000984790458474669
opt strategy:  Hit 	profit:  -0.14814354547924596
total_profit:  0.04632905847173247
dealer:  [9] 	hands:  [2, 7] 	ratio:  0.000984790458474669
opt strategy:  Hit 	profit:  -0.021272401743872155
total_profit:  0.046308109613466264
dealer:  [9] 	hands:  [2, 8] 	ratio:  0.000984790458474669
opt strategy:  Double 	profit:  0.13272090654443552
total_profit:  0.04643881189587133
dealer:  [9] 	hands:  [2, 9] 	ratio:  0.000656526972316446
opt strategy:  Double 	profit:  0.1531005432476022
total_profit:  0.04653932653198968
dealer:  [9] 	hands:  [2, 10] 	ratio:  0.003939161833898676
opt strategy:  Hit 	profit:  -0.3463681540003588
total_profit:  0.04517492631927353
dealer:  [9] 	hands:  [3, 3] 	ratio:  0.000328263486158223
opt strategy:  Hit 	profit:  -0.15100281727121448
total_profit:  0.04512535760805637
dealer:  [9] 	hands:  [3, 4] 	ratio:  0.000984790458474669
opt strategy:  Hit 	profit:  -0.19200155836711513
total_profit:  0.04493627630536416
dealer:  [9] 	hands:  [3, 5] 	ratio:  0.000984790458474669
opt strategy:  Hit 	profit:  -0.15929313667875117
total_profit:  0.044779405944262426
dealer:  [9] 	hands:  [3, 6] 	ratio:  0.000984790458474669
opt strategy:  Hit 	profit:  -0.016553774329257753
total_profit:  0.04476310394525123
dealer:  [9] 	hands:  [3, 7] 	ratio:  0.000984790458474669
opt strategy:  Hit 	profit:  0.12555087180124974
total_profit:  0.04488674524585428
dealer:  [9] 	hands:  [3, 8] 	ratio:  0.000984790458474669
opt strategy:  Double 	profit:  0.15322001527883877
total_profit:  0.04503763485494822
dealer:  [9] 	hands:  [3, 9] 	ratio:  0.000656526972316446
opt strategy:  Hit 	profit:  -0.407297079248366
total_profit:  0.044770233336675964
dealer:  [9] 	hands:  [3, 10] 	ratio:  0.003939161833898676
opt strategy:  Hit 	profit:  -0.3557977565965292
total_profit:  0.04336868839330415
dealer:  [9] 	hands:  [4, 4] 	ratio:  0.000328263486158223
opt strategy:  Hit 	profit:  -0.14396187614830885
total_profit:  0.04332143096596583
dealer:  [9] 	hands:  [4, 5] 	ratio:  0.000984790458474669
opt strategy:  Hit 	profit:  -0.017390764007114076
total_profit:  0.04330430470750604
dealer:  [9] 	hands:  [4, 6] 	ratio:  0.000984790458474669
opt strategy:  Hit 	profit:  0.1267223378232034
total_profit:  0.04342909965666994
dealer:  [9] 	hands:  [4, 7] 	ratio:  0.000984790458474669
opt strategy:  Double 	profit:  0.16556064850182484
total_profit:  0.04359214220361342
dealer:  [9] 	hands:  [4, 8] 	ratio:  0.000984790458474669
opt strategy:  Hit 	profit:  -0.40696093373505327
total_profit:  0.043191370959099196
dealer:  [9] 	hands:  [4, 9] 	ratio:  0.000656526972316446
opt strategy:  Hit 	profit:  -0.3641060232560766
total_profit:  0.0429523255340487
dealer:  [9] 	hands:  [4, 10] 	ratio:  0.003939161833898676
opt strategy:  Hit 	profit:  -0.4194106130599845
total_profit:  0.041300199254350765
dealer:  [9] 	hands:  [5, 5] 	ratio:  0.000328263486158223
opt strategy:  Double 	profit:  0.13485531523215333
total_profit:  0.04134446733025584
dealer:  [9] 	hands:  [5, 6] 	ratio:  0.000984790458474669
opt strategy:  Double 	profit:  0.18338680926916184
total_profit:  0.04152506491023422
dealer:  [9] 	hands:  [5, 7] 	ratio:  0.000984790458474669
opt strategy:  Hit 	profit:  -0.399358668965509
total_profit:  0.04113178030352784
dealer:  [9] 	hands:  [5, 8] 	ratio:  0.000984790458474669
opt strategy:  Hit 	profit:  -0.4255921924029876
total_profit:  0.040712661173248066
dealer:  [9] 	hands:  [5, 9] 	ratio:  0.000656526972316446
opt strategy:  Hit 	profit:  -0.43515435638148225
total_profit:  0.04042697060116262
dealer:  [9] 	hands:  [5, 10] 	ratio:  0.003939161833898676
opt strategy:  Hit 	profit:  -0.48903967567293305
total_profit:  0.03850056417548962
dealer:  [9] 	hands:  [6, 6] 	ratio:  0.000328263486158223
opt strategy:  Hit 	profit:  -0.3865649108066981
total_profit:  0.03837366903024177
dealer:  [9] 	hands:  [6, 7] 	ratio:  0.000984790458474669
opt strategy:  Hit 	profit:  -0.4330374604081614
total_profit:  0.03794721787106971
dealer:  [9] 	hands:  [6, 8] 	ratio:  0.000984790458474669
opt strategy:  Hit 	profit:  -0.4500428416509566
total_profit:  0.037504019974707016
dealer:  [9] 	hands:  [6, 9] 	ratio:  0.000656526972316446
opt strategy:  Hit 	profit:  -0.4950898073947321
total_profit:  0.03717898016243342
dealer:  [9] 	hands:  [6, 10] 	ratio:  0.003939161833898676
opt strategy:  Hit 	profit:  -0.4817203282828284
total_profit:  0.035281405830648566
dealer:  [9] 	hands:  [7, 7] 	ratio:  0.000328263486158223
opt strategy:  Hit 	profit:  -0.4842791989382508
total_profit:  0.03512243465253118
dealer:  [9] 	hands:  [7, 8] 	ratio:  0.000984790458474669
opt strategy:  Hit 	profit:  -0.4466934379629174
total_profit:  0.03468253521696205
dealer:  [9] 	hands:  [7, 9] 	ratio:  0.000656526972316446
opt strategy:  Hit 	profit:  -0.48528130570409983
total_profit:  0.03436393495060637
dealer:  [9] 	hands:  [7, 10] 	ratio:  0.003939161833898676
opt strategy:  Stand 	profit:  -0.42566017316017346
total_profit:  0.032687190642283113
dealer:  [9] 	hands:  [8, 8] 	ratio:  0.000328263486158223
opt strategy:  Split 	profit:  -0.4466047392381231
total_profit:  0.032540586613646026
dealer:  [9] 	hands:  [8, 9] 	ratio:  0.000656526972316446
opt strategy:  Stand 	profit:  -0.4209984296749004
total_profit:  0.032264189789261585
dealer:  [9] 	hands:  [8, 10] 	ratio:  0.003939161833898676
opt strategy:  Stand 	profit:  -0.2207008106272815
total_profit:  0.0313948135793281
dealer:  [9] 	hands:  [9, 9] 	ratio:  0.00010942116205274101
opt strategy:  Split 	profit:  -0.1461078955026619
total_profit:  0.03137882628361712
dealer:  [9] 	hands:  [9, 10] 	ratio:  0.002626107889265784
opt strategy:  Stand 	profit:  0.22938290467702208
total_profit:  0.03198121053925215
dealer:  [9] 	hands:  [10, 10] 	ratio:  0.007221796695480906
opt strategy:  Stand 	profit:  0.6930570409982173
total_profit:  0.03698632758771285
dealer:  [10] 	hands:  [1, 1] 	ratio:  0.001313053944632892
opt strategy:  Split 	profit:  0.8810083973267129
total_profit:  0.038143139139077395
dealer:  [10] 	hands:  [1, 2] 	ratio:  0.003939161833898676
opt strategy:  Hit 	profit:  0.16497448742958398
total_profit:  0.03879300034352701
dealer:  [10] 	hands:  [1, 3] 	ratio:  0.003939161833898676
opt strategy:  Hit 	profit:  0.059945591423376826
total_profit:  0.03902913572937246
dealer:  [10] 	hands:  [1, 4] 	ratio:  0.003939161833898676
opt strategy:  Hit 	profit:  -0.05288361626267078
total_profit:  0.038820818606552
dealer:  [10] 	hands:  [1, 5] 	ratio:  0.003939161833898676
opt strategy:  Hit 	profit:  -0.16447473175538144
total_profit:  0.038172926020580485
dealer:  [10] 	hands:  [1, 6] 	ratio:  0.003939161833898676
opt strategy:  Hit 	profit:  -0.17071871496745497
total_profit:  0.037500437374248456
dealer:  [10] 	hands:  [1, 7] 	ratio:  0.003939161833898676
opt strategy:  Hit 	profit:  -0.1558188965091984
total_profit:  0.03688664152411921
dealer:  [10] 	hands:  [1, 8] 	ratio:  0.003939161833898676
opt strategy:  Stand 	profit:  -0.017302648332060133
total_profit:  0.03681848359218419
dealer:  [10] 	hands:  [1, 9] 	ratio:  0.003939161833898676
opt strategy:  Stand 	profit:  0.438778117307529
total_profit:  0.03854690160543192
dealer:  [10] 	hands:  [1, 10] 	ratio:  0.014443593390961813
opt strategy:  Stand 	profit:  1.3458333333333332
total_profit:  0.05798557104410136
dealer:  [10] 	hands:  [2, 2] 	ratio:  0.001313053944632892
opt strategy:  Hit 	profit:  -0.030876472821533357
total_profit:  0.0579450285696667
dealer:  [10] 	hands:  [2, 3] 	ratio:  0.003939161833898676
opt strategy:  Hit 	profit:  -0.1309405226533429
total_profit:  0.05742923266031991
dealer:  [10] 	hands:  [2, 4] 	ratio:  0.003939161833898676
opt strategy:  Hit 	profit:  -0.23552367452764755
total_profit:  0.056501466790641025
dealer:  [10] 	hands:  [2, 5] 	ratio:  0.003939161833898676
opt strategy:  Hit 	profit:  -0.2590715417658389
total_profit:  0.055480942061067746
dealer:  [10] 	hands:  [2, 6] 	ratio:  0.003939161833898676
opt strategy:  Hit 	profit:  -0.23743892213736267
total_profit:  0.05454563172110221
dealer:  [10] 	hands:  [2, 7] 	ratio:  0.003939161833898676
opt strategy:  Hit 	profit:  -0.19116624270013888
total_profit:  0.05379259695392801
dealer:  [10] 	hands:  [2, 8] 	ratio:  0.003939161833898676
opt strategy:  Hit 	profit:  -0.04359231968029559
total_profit:  0.05362087975199228
dealer:  [10] 	hands:  [2, 9] 	ratio:  0.003939161833898676
opt strategy:  Hit 	profit:  0.012559555993401694
total_profit:  0.0536703538756122
dealer:  [10] 	hands:  [2, 10] 	ratio:  0.014443593390961813
opt strategy:  Hit 	profit:  -0.38759439977420584
total_profit:  0.048072097964659666
dealer:  [10] 	hands:  [3, 3] 	ratio:  0.001313053944632892
opt strategy:  Hit 	profit:  -0.23157637269533915
total_profit:  0.04776802569500827
dealer:  [10] 	hands:  [3, 4] 	ratio:  0.003939161833898676
opt strategy:  Hit 	profit:  -0.2752581441148063
total_profit:  0.04668373931924145
dealer:  [10] 	hands:  [3, 5] 	ratio:  0.003939161833898676
opt strategy:  Hit 	profit:  -0.2412902740748671
total_profit:  0.04573325788071478
dealer:  [10] 	hands:  [3, 6] 	ratio:  0.003939161833898676
opt strategy:  Hit 	profit:  -0.17093790005412404
total_profit:  0.04505990582885479
dealer:  [10] 	hands:  [3, 7] 	ratio:  0.003939161833898676
opt strategy:  Hit 	profit:  -0.04077452676400885
total_profit:  0.044899288369230725
dealer:  [10] 	hands:  [3, 8] 	ratio:  0.003939161833898676
opt strategy:  Hit 	profit:  0.021453794401130377
total_profit:  0.04498379833732797
dealer:  [10] 	hands:  [3, 9] 	ratio:  0.003939161833898676
opt strategy:  Hit 	profit:  -0.4368626411555581
total_profit:  0.043262925694631825
dealer:  [10] 	hands:  [3, 10] 	ratio:  0.014443593390961813
opt strategy:  Hit 	profit:  -0.4366684525563647
total_profit:  0.03695586411924719
dealer:  [10] 	hands:  [4, 4] 	ratio:  0.001313053944632892
opt strategy:  Hit 	profit:  -0.23182391790721668
total_profit:  0.03665146680937887
dealer:  [10] 	hands:  [4, 5] 	ratio:  0.003939161833898676
opt strategy:  Hit 	profit:  -0.1707409255974914
total_profit:  0.0359788906717807
dealer:  [10] 	hands:  [4, 6] 	ratio:  0.003939161833898676
opt strategy:  Hit 	profit:  -0.03294492371219426
total_profit:  0.035849115285672924
dealer:  [10] 	hands:  [4, 7] 	ratio:  0.003939161833898676
opt strategy:  Hit 	profit:  0.02469376574860155
total_profit:  0.03594638802524505
dealer:  [10] 	hands:  [4, 8] 	ratio:  0.003939161833898676
opt strategy:  Hit 	profit:  -0.43205073933287885
total_profit:  0.03424447024255727
dealer:  [10] 	hands:  [4, 9] 	ratio:  0.003939161833898676
opt strategy:  Hit 	profit:  -0.4442685201157688
total_profit:  0.03249442464411459
dealer:  [10] 	hands:  [4, 10] 	ratio:  0.014443593390961813
opt strategy:  Hit 	profit:  -0.4947861382914603
total_profit:  0.025347934847148534
dealer:  [10] 	hands:  [5, 5] 	ratio:  0.001313053944632892
opt strategy:  Hit 	profit:  -0.02801106758533084
total_profit:  0.02531115480436224
dealer:  [10] 	hands:  [5, 6] 	ratio:  0.003939161833898676
opt strategy:  Hit 	profit:  0.03305671691330489
total_profit:  0.025441370561981123
dealer:  [10] 	hands:  [5, 7] 	ratio:  0.003939161833898676
opt strategy:  Hit 	profit:  -0.4284042522250836
total_profit:  0.02375381688213617
dealer:  [10] 	hands:  [5, 8] 	ratio:  0.003939161833898676
opt strategy:  Hit 	profit:  -0.5015088707388503
total_profit:  0.021778292279160068
dealer:  [10] 	hands:  [5, 9] 	ratio:  0.003939161833898676
opt strategy:  Hit 	profit:  -0.503591236395279
total_profit:  0.019794564900865938
dealer:  [10] 	hands:  [5, 10] 	ratio:  0.014443593390961813
opt strategy:  Hit 	profit:  -0.552540213054919
total_profit:  0.01181389873134528
dealer:  [10] 	hands:  [6, 6] 	ratio:  0.001313053944632892
opt strategy:  Hit 	profit:  -0.41979546466374923
total_profit:  0.011262684640529545
dealer:  [10] 	hands:  [6, 7] 	ratio:  0.003939161833898676
opt strategy:  Hit 	profit:  -0.5041628706804081
total_profit:  0.009276705502276487
dealer:  [10] 	hands:  [6, 8] 	ratio:  0.003939161833898676
opt strategy:  Hit 	profit:  -0.5163990049159939
total_profit:  0.00724252625104815
dealer:  [10] 	hands:  [6, 9] 	ratio:  0.003939161833898676
opt strategy:  Hit 	profit:  -0.561975516914366
total_profit:  0.0050288137432336
dealer:  [10] 	hands:  [6, 10] 	ratio:  0.014443593390961813
opt strategy:  Hit 	profit:  -0.5476624172396232
total_profit:  -0.0028813995268867926
dealer:  [10] 	hands:  [7, 7] 	ratio:  0.001313053944632892
opt strategy:  Stand 	profit:  -0.5519766997708175
total_profit:  -0.00360617470986631
dealer:  [10] 	hands:  [7, 8] 	ratio:  0.003939161833898676
opt strategy:  Hit 	profit:  -0.5203276576117984
total_profit:  -0.005655829559852605
dealer:  [10] 	hands:  [7, 9] 	ratio:  0.003939161833898676
opt strategy:  Hit 	profit:  -0.5542118665648078
total_profit:  -0.007838959792518441
dealer:  [10] 	hands:  [7, 10] 	ratio:  0.014443593390961813
opt strategy:  Stand 	profit:  -0.47071067821067836
total_profit:  -0.014637713433377348
dealer:  [10] 	hands:  [8, 8] 	ratio:  0.001313053944632892
opt strategy:  Hit 	profit:  -0.5538691271963332
total_profit:  -0.01536497347565287
dealer:  [10] 	hands:  [8, 9] 	ratio:  0.003939161833898676
opt strategy:  Stand 	profit:  -0.44364050165520774
total_profit:  -0.017112545207744728
dealer:  [10] 	hands:  [8, 10] 	ratio:  0.014443593390961813
opt strategy:  Stand 	profit:  -0.23646729904082858
total_profit:  -0.02052798272534943
dealer:  [10] 	hands:  [9, 9] 	ratio:  0.001313053944632892
opt strategy:  Stand 	profit:  -0.209099185128597
total_profit:  -0.020802541235202057
dealer:  [10] 	hands:  [9, 10] 	ratio:  0.014443593390961813
opt strategy:  Stand 	profit:  -0.0014567948391479013
total_profit:  -0.02082358258751276
dealer:  [10] 	hands:  [10, 10] 	ratio:  0.024072655651603023
opt strategy:  Stand 	profit:  0.42869143111790153
total_profit:  -0.01050384138541862
